2023-04-25 12:40:10,256:INFO:PyCaret Supervised Module
2023-04-25 12:40:10,257:INFO:ML Usecase: regression
2023-04-25 12:40:10,257:INFO:version 2.3.10
2023-04-25 12:40:10,257:INFO:Initializing setup()
2023-04-25 12:40:10,257:INFO:setup(target=Delay, ml_usecase=regression, available_plots={'parameter': 'Hyperparameters', 'residuals': 'Residuals', 'error': 'Prediction Error', 'cooks': 'Cooks Distance', 'rfe': 'Feature Selection', 'learning': 'Learning Curve', 'manifold': 'Manifold Learning', 'vc': 'Validation Curve', 'feature': 'Feature Importance', 'feature_all': 'Feature Importance (All)', 'tree': 'Decision Tree', 'residuals_interactive': 'Interactive Residuals'}, train_size=0.7, test_data=None, preprocess=True, imputation_type=simple, iterative_imputation_iters=5, categorical_features=None, categorical_imputation=constant, categorical_iterative_imputer=lightgbm, ordinal_features=None, high_cardinality_features=None, high_cardinality_method=frequency, numeric_features=None, numeric_imputation=mean, numeric_iterative_imputer=lightgbm, date_features=None, ignore_features=None, normalize=False, normalize_method=zscore, transformation=False, transformation_method=yeo-johnson, handle_unknown_categorical=True, unknown_categorical_method=least_frequent, pca=False, pca_method=linear, pca_components=None, ignore_low_variance=False, combine_rare_levels=False, rare_level_threshold=0.1, bin_numeric_features=None, remove_outliers=False, outliers_threshold=0.05, remove_multicollinearity=False, multicollinearity_threshold=0.9, remove_perfect_collinearity=True, create_clusters=False, cluster_iter=20, polynomial_features=False, polynomial_degree=2, trigonometry_features=False, polynomial_threshold=0.1, group_features=None, group_names=None, feature_selection=False, feature_selection_threshold=0.8, feature_selection_method=classic, feature_interaction=False, feature_ratio=False, interaction_threshold=0.01, fix_imbalance=False, fix_imbalance_method=None, transform_target=False, transform_target_method=box-cox, data_split_shuffle=True, data_split_stratify=False, fold_strategy=kfold, fold=10, fold_shuffle=False, fold_groups=None, n_jobs=-1, use_gpu=False, custom_pipeline=None, html=True, session_id=None, log_experiment=False, experiment_name=None, experiment_custom_tags=None, log_plots=False, log_profile=False, log_data=False, silent=True, verbose=True, profile=True, profile_kwargs=None, display=None)
2023-04-25 12:40:10,258:INFO:Checking environment
2023-04-25 12:40:10,258:INFO:python_version: 3.8.8
2023-04-25 12:40:10,258:INFO:python_build: ('tags/v3.8.8:024d805', 'Feb 19 2021 13:18:16')
2023-04-25 12:40:10,258:INFO:machine: AMD64
2023-04-25 12:40:10,258:INFO:platform: Windows-10-10.0.19041-SP0
2023-04-25 12:40:10,263:INFO:Memory: svmem(total=17091190784, available=5953695744, percent=65.2, used=11137495040, free=5953695744)
2023-04-25 12:40:10,263:INFO:Physical Core: 4
2023-04-25 12:40:10,263:INFO:Logical Core: 4
2023-04-25 12:40:10,263:INFO:Checking libraries
2023-04-25 12:40:10,264:INFO:pd==1.5.3
2023-04-25 12:40:10,264:INFO:numpy==1.20.3
2023-04-25 12:40:10,264:INFO:sklearn==0.23.2
2023-04-25 12:40:10,264:INFO:lightgbm==3.3.5
2023-04-25 12:40:10,454:INFO:catboost==1.1.1
2023-04-25 12:40:10,454:INFO:xgboost==1.7.4
2023-04-25 12:40:10,454:INFO:mlflow==2.2.2
2023-04-25 12:40:10,454:INFO:Checking Exceptions
2023-04-25 12:40:10,454:INFO:Declaring global variables
2023-04-25 12:40:10,455:INFO:USI: bbf8
2023-04-25 12:40:10,455:INFO:pycaret_globals: {'_ml_usecase', '_all_metrics', 'master_model_container', 'log_plots_param', 'prep_pipe', '_all_models_internal', '_internal_pipeline', 'X_test', 'stratify_param', 'pycaret_globals', 'USI', 'n_jobs_param', 'data_before_preprocess', 'fold_generator', 'y_train', 'transform_target_method_param', 'fix_imbalance_param', 'fold_groups_param_full', 'imputation_classifier', 'fold_param', 'imputation_regressor', 'gpu_param', 'y_test', 'transform_target_param', 'exp_name_log', 'target_param', '_all_models', '_available_plots', 'dashboard_logger', 'html_param', 'logging_param', 'experiment__', 'X_train', 'create_model_container', 'fix_imbalance_method_param', 'display_container', 'iterative_imputation_iters_param', 'X', '_gpu_n_jobs_param', 'y', 'fold_groups_param', 'seed', 'fold_shuffle_param'}
2023-04-25 12:40:10,455:INFO:Preparing display monitor
2023-04-25 12:40:10,455:INFO:Preparing display monitor
2023-04-25 12:40:10,465:INFO:Importing libraries
2023-04-25 12:40:10,465:INFO:Copying data for preprocessing
2023-04-25 12:40:10,493:INFO:Declaring preprocessing parameters
2023-04-25 12:40:10,507:INFO:Creating preprocessing pipeline
2023-04-25 12:40:10,669:INFO:Preprocessing pipeline created successfully
2023-04-25 12:40:10,669:ERROR:(Process Exit): setup has been interupted with user command 'quit'. setup must rerun.
2023-04-25 12:40:10,670:INFO:Creating global containers
2023-04-25 12:40:10,673:INFO:Internal pipeline: Pipeline(memory=None, steps=[('empty_step', 'passthrough')], verbose=False)
2023-04-25 12:40:13,048:INFO:Creating grid variables
2023-04-25 12:41:36,807:INFO:create_model_container: 0
2023-04-25 12:41:36,807:INFO:master_model_container: 0
2023-04-25 12:41:36,808:INFO:display_container: 1
2023-04-25 12:41:36,814:INFO:Pipeline(memory=None,
         steps=[('dtypes',
                 DataTypes_Auto_infer(categorical_features=[],
                                      display_types=False, features_todrop=[],
                                      id_columns=[], ml_usecase='regression',
                                      numerical_features=[], target='Delay',
                                      time_features=[])),
                ('imputer',
                 Simple_Imputer(categorical_strategy='not_available',
                                fill_value_categorical=None,
                                fill_value_numerical=None,
                                numeric_strategy=...
                ('scaling', 'passthrough'), ('P_transform', 'passthrough'),
                ('binn', 'passthrough'), ('rem_outliers', 'passthrough'),
                ('cluster_all', 'passthrough'),
                ('dummy', Dummify(target='Delay')),
                ('fix_perfect', Remove_100(target='Delay')),
                ('clean_names', Clean_Colum_Names()),
                ('feature_select', 'passthrough'), ('fix_multi', 'passthrough'),
                ('dfs', 'passthrough'), ('pca', 'passthrough')],
         verbose=False)
2023-04-25 12:41:36,816:INFO:setup() succesfully completed......................................
2023-04-25 12:41:37,451:INFO:Initializing compare_models()
2023-04-25 12:41:37,451:INFO:compare_models(include=None, fold=None, round=4, cross_validation=True, sort=logloss, n_select=2, budget_time=0.5, turbo=True, errors=ignore, fit_kwargs=None, groups=None, experiment_custom_tags=None, probability_threshold=None, verbose=True, display=None, exclude=None)
2023-04-25 12:41:37,451:INFO:Checking exceptions
2023-04-25 12:42:49,276:INFO:PyCaret Supervised Module
2023-04-25 12:42:49,276:INFO:ML Usecase: regression
2023-04-25 12:42:49,276:INFO:version 2.3.10
2023-04-25 12:42:49,276:INFO:Initializing setup()
2023-04-25 12:42:49,276:INFO:setup(target=Delay, ml_usecase=regression, available_plots={'parameter': 'Hyperparameters', 'residuals': 'Residuals', 'error': 'Prediction Error', 'cooks': 'Cooks Distance', 'rfe': 'Feature Selection', 'learning': 'Learning Curve', 'manifold': 'Manifold Learning', 'vc': 'Validation Curve', 'feature': 'Feature Importance', 'feature_all': 'Feature Importance (All)', 'tree': 'Decision Tree', 'residuals_interactive': 'Interactive Residuals'}, train_size=0.7, test_data=None, preprocess=True, imputation_type=simple, iterative_imputation_iters=5, categorical_features=None, categorical_imputation=constant, categorical_iterative_imputer=lightgbm, ordinal_features=None, high_cardinality_features=None, high_cardinality_method=frequency, numeric_features=None, numeric_imputation=mean, numeric_iterative_imputer=lightgbm, date_features=None, ignore_features=None, normalize=False, normalize_method=zscore, transformation=False, transformation_method=yeo-johnson, handle_unknown_categorical=True, unknown_categorical_method=least_frequent, pca=False, pca_method=linear, pca_components=None, ignore_low_variance=False, combine_rare_levels=False, rare_level_threshold=0.1, bin_numeric_features=None, remove_outliers=False, outliers_threshold=0.05, remove_multicollinearity=False, multicollinearity_threshold=0.9, remove_perfect_collinearity=True, create_clusters=False, cluster_iter=20, polynomial_features=False, polynomial_degree=2, trigonometry_features=False, polynomial_threshold=0.1, group_features=None, group_names=None, feature_selection=False, feature_selection_threshold=0.8, feature_selection_method=classic, feature_interaction=False, feature_ratio=False, interaction_threshold=0.01, fix_imbalance=False, fix_imbalance_method=None, transform_target=False, transform_target_method=box-cox, data_split_shuffle=True, data_split_stratify=False, fold_strategy=kfold, fold=10, fold_shuffle=False, fold_groups=None, n_jobs=-1, use_gpu=False, custom_pipeline=None, html=True, session_id=None, log_experiment=False, experiment_name=None, experiment_custom_tags=None, log_plots=False, log_profile=False, log_data=False, silent=True, verbose=True, profile=True, profile_kwargs=None, display=None)
2023-04-25 12:42:49,276:INFO:Checking environment
2023-04-25 12:42:49,276:INFO:python_version: 3.8.8
2023-04-25 12:42:49,276:INFO:python_build: ('tags/v3.8.8:024d805', 'Feb 19 2021 13:18:16')
2023-04-25 12:42:49,277:INFO:machine: AMD64
2023-04-25 12:42:49,277:INFO:platform: Windows-10-10.0.19041-SP0
2023-04-25 12:42:49,280:INFO:Memory: svmem(total=17091190784, available=4366778368, percent=74.5, used=12724412416, free=4366778368)
2023-04-25 12:42:49,280:INFO:Physical Core: 4
2023-04-25 12:42:49,280:INFO:Logical Core: 4
2023-04-25 12:42:49,281:INFO:Checking libraries
2023-04-25 12:42:49,281:INFO:pd==1.5.3
2023-04-25 12:42:49,281:INFO:numpy==1.20.3
2023-04-25 12:42:49,281:INFO:sklearn==0.23.2
2023-04-25 12:42:49,281:INFO:lightgbm==3.3.5
2023-04-25 12:42:49,281:INFO:catboost==1.1.1
2023-04-25 12:42:49,281:INFO:xgboost==1.7.4
2023-04-25 12:42:49,281:INFO:mlflow==2.2.2
2023-04-25 12:42:49,281:INFO:Checking Exceptions
2023-04-25 12:42:49,281:INFO:Declaring global variables
2023-04-25 12:42:49,281:INFO:USI: a678
2023-04-25 12:42:49,281:INFO:pycaret_globals: {'_ml_usecase', '_all_metrics', 'master_model_container', 'log_plots_param', 'prep_pipe', '_all_models_internal', '_internal_pipeline', 'X_test', 'stratify_param', 'pycaret_globals', 'USI', 'n_jobs_param', 'data_before_preprocess', 'fold_generator', 'y_train', 'transform_target_method_param', 'fix_imbalance_param', 'fold_groups_param_full', 'imputation_classifier', 'fold_param', 'imputation_regressor', 'gpu_param', 'y_test', 'transform_target_param', 'exp_name_log', 'target_param', '_all_models', '_available_plots', 'dashboard_logger', 'html_param', 'logging_param', 'experiment__', 'X_train', 'create_model_container', 'fix_imbalance_method_param', 'display_container', 'iterative_imputation_iters_param', 'X', '_gpu_n_jobs_param', 'y', 'fold_groups_param', 'seed', 'fold_shuffle_param'}
2023-04-25 12:42:49,281:INFO:Preparing display monitor
2023-04-25 12:42:49,282:INFO:Preparing display monitor
2023-04-25 12:42:49,295:INFO:Importing libraries
2023-04-25 12:42:49,295:INFO:Copying data for preprocessing
2023-04-25 12:42:49,320:INFO:Declaring preprocessing parameters
2023-04-25 12:42:49,337:INFO:Creating preprocessing pipeline
2023-04-25 12:42:49,497:INFO:Preprocessing pipeline created successfully
2023-04-25 12:42:49,498:ERROR:(Process Exit): setup has been interupted with user command 'quit'. setup must rerun.
2023-04-25 12:42:49,498:INFO:Creating global containers
2023-04-25 12:42:49,498:INFO:Internal pipeline: Pipeline(memory=None, steps=[('empty_step', 'passthrough')], verbose=False)
2023-04-25 12:42:51,733:INFO:Creating grid variables
2023-04-25 12:44:03,876:ERROR:Data Profiler Failed. No output to show, please continue with Modeling.
2023-04-25 12:44:03,877:INFO:create_model_container: 0
2023-04-25 12:44:03,877:INFO:master_model_container: 0
2023-04-25 12:44:03,877:INFO:display_container: 1
2023-04-25 12:44:03,881:INFO:Pipeline(memory=None,
         steps=[('dtypes',
                 DataTypes_Auto_infer(categorical_features=[],
                                      display_types=False, features_todrop=[],
                                      id_columns=[], ml_usecase='regression',
                                      numerical_features=[], target='Delay',
                                      time_features=[])),
                ('imputer',
                 Simple_Imputer(categorical_strategy='not_available',
                                fill_value_categorical=None,
                                fill_value_numerical=None,
                                numeric_strategy=...
                ('scaling', 'passthrough'), ('P_transform', 'passthrough'),
                ('binn', 'passthrough'), ('rem_outliers', 'passthrough'),
                ('cluster_all', 'passthrough'),
                ('dummy', Dummify(target='Delay')),
                ('fix_perfect', Remove_100(target='Delay')),
                ('clean_names', Clean_Colum_Names()),
                ('feature_select', 'passthrough'), ('fix_multi', 'passthrough'),
                ('dfs', 'passthrough'), ('pca', 'passthrough')],
         verbose=False)
2023-04-25 12:44:03,881:INFO:setup() succesfully completed......................................
2023-04-25 12:44:04,469:INFO:Initializing compare_models()
2023-04-25 12:44:04,469:INFO:compare_models(include=None, fold=None, round=4, cross_validation=True, sort=accuracy, n_select=2, budget_time=0.5, turbo=True, errors=ignore, fit_kwargs=None, groups=None, experiment_custom_tags=None, probability_threshold=None, verbose=True, display=None, exclude=None)
2023-04-25 12:44:04,470:INFO:Checking exceptions
2023-04-25 12:44:06,799:INFO:PyCaret Supervised Module
2023-04-25 12:44:06,799:INFO:ML Usecase: classification
2023-04-25 12:44:06,799:INFO:version 2.3.10
2023-04-25 12:44:06,799:INFO:Initializing setup()
2023-04-25 12:44:06,799:INFO:setup(target=Delay, ml_usecase=classification, available_plots={'parameter': 'Hyperparameters', 'auc': 'AUC', 'confusion_matrix': 'Confusion Matrix', 'threshold': 'Threshold', 'pr': 'Precision Recall', 'error': 'Prediction Error', 'class_report': 'Class Report', 'rfe': 'Feature Selection', 'learning': 'Learning Curve', 'manifold': 'Manifold Learning', 'calibration': 'Calibration Curve', 'vc': 'Validation Curve', 'dimension': 'Dimensions', 'feature': 'Feature Importance', 'feature_all': 'Feature Importance (All)', 'boundary': 'Decision Boundary', 'lift': 'Lift Chart', 'gain': 'Gain Chart', 'tree': 'Decision Tree', 'ks': 'KS Statistic Plot'}, train_size=0.7, test_data=None, preprocess=True, imputation_type=simple, iterative_imputation_iters=5, categorical_features=None, categorical_imputation=constant, categorical_iterative_imputer=lightgbm, ordinal_features=None, high_cardinality_features=None, high_cardinality_method=frequency, numeric_features=None, numeric_imputation=mean, numeric_iterative_imputer=lightgbm, date_features=None, ignore_features=None, normalize=False, normalize_method=zscore, transformation=False, transformation_method=yeo-johnson, handle_unknown_categorical=True, unknown_categorical_method=least_frequent, pca=False, pca_method=linear, pca_components=None, ignore_low_variance=False, combine_rare_levels=False, rare_level_threshold=0.1, bin_numeric_features=None, remove_outliers=False, outliers_threshold=0.05, remove_multicollinearity=False, multicollinearity_threshold=0.9, remove_perfect_collinearity=True, create_clusters=False, cluster_iter=20, polynomial_features=False, polynomial_degree=2, trigonometry_features=False, polynomial_threshold=0.1, group_features=None, group_names=None, feature_selection=False, feature_selection_threshold=0.8, feature_selection_method=classic, feature_interaction=False, feature_ratio=False, interaction_threshold=0.01, fix_imbalance=False, fix_imbalance_method=None, transform_target=False, transform_target_method=box-cox, data_split_shuffle=True, data_split_stratify=False, fold_strategy=stratifiedkfold, fold=10, fold_shuffle=False, fold_groups=None, n_jobs=-1, use_gpu=False, custom_pipeline=None, html=True, session_id=None, log_experiment=False, experiment_name=None, experiment_custom_tags=None, log_plots=False, log_profile=False, log_data=False, silent=True, verbose=True, profile=True, profile_kwargs=None, display=None)
2023-04-25 12:44:06,799:INFO:Checking environment
2023-04-25 12:44:06,799:INFO:python_version: 3.8.8
2023-04-25 12:44:06,799:INFO:python_build: ('tags/v3.8.8:024d805', 'Feb 19 2021 13:18:16')
2023-04-25 12:44:06,799:INFO:machine: AMD64
2023-04-25 12:44:06,799:INFO:platform: Windows-10-10.0.19041-SP0
2023-04-25 12:44:06,803:INFO:Memory: svmem(total=17091190784, available=4721463296, percent=72.4, used=12369727488, free=4721463296)
2023-04-25 12:44:06,803:INFO:Physical Core: 4
2023-04-25 12:44:06,803:INFO:Logical Core: 4
2023-04-25 12:44:06,803:INFO:Checking libraries
2023-04-25 12:44:06,803:INFO:pd==1.5.3
2023-04-25 12:44:06,803:INFO:numpy==1.20.3
2023-04-25 12:44:06,803:INFO:sklearn==0.23.2
2023-04-25 12:44:06,803:INFO:lightgbm==3.3.5
2023-04-25 12:44:06,804:INFO:catboost==1.1.1
2023-04-25 12:44:06,804:INFO:xgboost==1.7.4
2023-04-25 12:44:06,804:INFO:mlflow==2.2.2
2023-04-25 12:44:06,804:INFO:Checking Exceptions
2023-04-25 12:44:06,804:INFO:Declaring global variables
2023-04-25 12:44:06,804:INFO:USI: 36a0
2023-04-25 12:44:06,804:INFO:pycaret_globals: {'_ml_usecase', '_all_metrics', 'master_model_container', 'log_plots_param', 'prep_pipe', '_all_models_internal', '_internal_pipeline', 'X_test', 'stratify_param', 'pycaret_globals', 'USI', 'n_jobs_param', 'data_before_preprocess', 'fold_generator', 'y_train', 'transform_target_method_param', 'fix_imbalance_param', 'fold_groups_param_full', 'imputation_classifier', 'fold_param', 'imputation_regressor', 'gpu_param', 'y_test', 'transform_target_param', 'exp_name_log', 'target_param', '_all_models', '_available_plots', 'dashboard_logger', 'html_param', 'logging_param', 'experiment__', 'X_train', 'create_model_container', 'fix_imbalance_method_param', 'display_container', 'iterative_imputation_iters_param', 'X', '_gpu_n_jobs_param', 'y', 'fold_groups_param', 'seed', 'fold_shuffle_param'}
2023-04-25 12:44:06,804:INFO:Preparing display monitor
2023-04-25 12:44:06,804:INFO:Preparing display monitor
2023-04-25 12:44:06,818:INFO:Importing libraries
2023-04-25 12:44:06,818:INFO:Copying data for preprocessing
2023-04-25 12:44:06,847:INFO:Declaring preprocessing parameters
2023-04-25 12:44:06,863:INFO:Creating preprocessing pipeline
2023-04-25 12:44:07,033:INFO:Preprocessing pipeline created successfully
2023-04-25 12:44:07,034:ERROR:(Process Exit): setup has been interupted with user command 'quit'. setup must rerun.
2023-04-25 12:44:07,034:INFO:Creating global containers
2023-04-25 12:44:07,034:INFO:Internal pipeline: Pipeline(memory=None, steps=[('empty_step', 'passthrough')], verbose=False)
2023-04-25 12:44:09,245:INFO:Creating grid variables
2023-04-25 12:45:28,981:INFO:create_model_container: 0
2023-04-25 12:45:28,981:INFO:master_model_container: 0
2023-04-25 12:45:28,981:INFO:display_container: 1
2023-04-25 12:45:28,986:INFO:Pipeline(memory=None,
         steps=[('dtypes',
                 DataTypes_Auto_infer(categorical_features=[],
                                      display_types=False, features_todrop=[],
                                      id_columns=[],
                                      ml_usecase='classification',
                                      numerical_features=[], target='Delay',
                                      time_features=[])),
                ('imputer',
                 Simple_Imputer(categorical_strategy='not_available',
                                fill_value_categorical=None,
                                fill_value_numerical=None,
                                numeric_strat...
                ('scaling', 'passthrough'), ('P_transform', 'passthrough'),
                ('binn', 'passthrough'), ('rem_outliers', 'passthrough'),
                ('cluster_all', 'passthrough'),
                ('dummy', Dummify(target='Delay')),
                ('fix_perfect', Remove_100(target='Delay')),
                ('clean_names', Clean_Colum_Names()),
                ('feature_select', 'passthrough'), ('fix_multi', 'passthrough'),
                ('dfs', 'passthrough'), ('pca', 'passthrough')],
         verbose=False)
2023-04-25 12:45:28,986:INFO:setup() succesfully completed......................................
2023-04-25 12:45:29,617:INFO:Initializing compare_models()
2023-04-25 12:45:29,617:INFO:compare_models(include=None, fold=None, round=4, cross_validation=True, sort=accuracy, n_select=2, budget_time=0.5, turbo=True, errors=ignore, fit_kwargs=None, groups=None, experiment_custom_tags=None, probability_threshold=None, verbose=True, display=None, exclude=None)
2023-04-25 12:45:29,617:INFO:Checking exceptions
2023-04-25 12:47:50,684:INFO:Initializing compare_models()
2023-04-25 12:47:50,684:INFO:compare_models(include=None, fold=None, round=4, cross_validation=True, sort=acc, n_select=2, budget_time=0.5, turbo=True, errors=ignore, fit_kwargs=None, groups=None, experiment_custom_tags=None, probability_threshold=None, verbose=True, display=None, exclude=None)
2023-04-25 12:47:50,684:INFO:Checking exceptions
2023-04-25 12:47:50,687:INFO:Preparing display monitor
2023-04-25 12:47:50,688:INFO:Preparing display monitor
2023-04-25 12:47:50,717:INFO:Time budget is 0.5 minutes
2023-04-25 12:47:50,717:INFO:Initializing Logistic Regression
2023-04-25 12:47:50,717:INFO:Total runtime is 0.0 minutes
2023-04-25 12:47:50,731:INFO:SubProcess create_model() called ==================================
2023-04-25 12:47:50,731:INFO:Initializing create_model()
2023-04-25 12:47:50,731:INFO:create_model(estimator=lr, fold=StratifiedKFold(n_splits=10, random_state=None, shuffle=False), round=4, cross_validation=True, predict=True, fit_kwargs={}, groups=None, refit=False, verbose=False, system=False, metrics=None, experiment_custom_tags=None, add_to_model_list=True, probability_threshold=None, display=<pycaret.internal.Display.Display object at 0x000001905A860FA0>, return_train_score=False, kwargs={})
2023-04-25 12:47:50,731:INFO:Checking exceptions
2023-04-25 12:47:50,731:INFO:Importing libraries
2023-04-25 12:47:50,732:INFO:Copying training dataset
2023-04-25 12:47:50,753:INFO:Defining folds
2023-04-25 12:47:50,753:INFO:Declaring metric variables
2023-04-25 12:47:50,762:INFO:Importing untrained model
2023-04-25 12:47:50,770:INFO:Logistic Regression Imported succesfully
2023-04-25 12:47:50,789:INFO:Starting cross validation
2023-04-25 12:47:50,789:INFO:Cross validating with StratifiedKFold(n_splits=10, random_state=None, shuffle=False), n_jobs=-1
2023-04-25 12:49:13,254:INFO:Calculating mean and std
2023-04-25 12:49:13,255:INFO:Creating metrics dataframe
2023-04-25 12:49:13,261:INFO:Uploading results into container
2023-04-25 12:49:13,262:INFO:Uploading model into container now
2023-04-25 12:49:13,262:INFO:create_model_container: 1
2023-04-25 12:49:13,262:INFO:master_model_container: 1
2023-04-25 12:49:13,262:INFO:display_container: 2
2023-04-25 12:49:13,262:INFO:LogisticRegression(C=1.0, class_weight=None, dual=False, fit_intercept=True,
                   intercept_scaling=1, l1_ratio=None, max_iter=1000,
                   multi_class='auto', n_jobs=None, penalty='l2',
                   random_state=7032, solver='lbfgs', tol=0.0001, verbose=0,
                   warm_start=False)
2023-04-25 12:49:13,263:INFO:create_model() succesfully completed......................................
2023-04-25 12:49:14,165:INFO:SubProcess create_model() end ==================================
2023-04-25 12:49:14,166:INFO:Creating metrics dataframe
2023-04-25 12:49:14,177:INFO:Initializing K Neighbors Classifier
2023-04-25 12:49:14,177:INFO:Total runtime is 1.3909878889719645 minutes
2023-04-25 12:49:14,177:INFO:Total runtime 1.3909878889719645 is over time budget by 0.8909878889719645, breaking loop
2023-04-25 12:49:14,199:INFO:Initializing create_model()
2023-04-25 12:49:14,199:INFO:create_model(estimator=LogisticRegression(C=1.0, class_weight=None, dual=False, fit_intercept=True,
                   intercept_scaling=1, l1_ratio=None, max_iter=1000,
                   multi_class='auto', n_jobs=None, penalty='l2',
                   random_state=7032, solver='lbfgs', tol=0.0001, verbose=0,
                   warm_start=False), fold=StratifiedKFold(n_splits=10, random_state=None, shuffle=False), round=4, cross_validation=False, predict=False, fit_kwargs={}, groups=None, refit=True, verbose=False, system=False, metrics=None, experiment_custom_tags=None, add_to_model_list=True, probability_threshold=None, display=None, return_train_score=False, kwargs={})
2023-04-25 12:49:14,199:INFO:Checking exceptions
2023-04-25 12:49:14,199:INFO:Importing libraries
2023-04-25 12:49:14,199:INFO:Copying training dataset
2023-04-25 12:49:14,219:INFO:Defining folds
2023-04-25 12:49:14,219:INFO:Declaring metric variables
2023-04-25 12:49:14,219:INFO:Importing untrained model
2023-04-25 12:49:14,220:INFO:Declaring custom model
2023-04-25 12:49:14,220:INFO:Logistic Regression Imported succesfully
2023-04-25 12:49:14,220:INFO:Cross validation set to False
2023-04-25 12:49:14,221:INFO:Fitting Model
2023-04-25 12:49:34,527:INFO:LogisticRegression(C=1.0, class_weight=None, dual=False, fit_intercept=True,
                   intercept_scaling=1, l1_ratio=None, max_iter=1000,
                   multi_class='auto', n_jobs=None, penalty='l2',
                   random_state=7032, solver='lbfgs', tol=0.0001, verbose=0,
                   warm_start=False)
2023-04-25 12:49:34,528:INFO:create_models() succesfully completed......................................
2023-04-25 12:49:34,926:INFO:create_model_container: 1
2023-04-25 12:49:34,926:INFO:master_model_container: 1
2023-04-25 12:49:34,926:INFO:display_container: 2
2023-04-25 12:49:34,927:INFO:LogisticRegression(C=1.0, class_weight=None, dual=False, fit_intercept=True,
                   intercept_scaling=1, l1_ratio=None, max_iter=1000,
                   multi_class='auto', n_jobs=None, penalty='l2',
                   random_state=7032, solver='lbfgs', tol=0.0001, verbose=0,
                   warm_start=False)
2023-04-25 12:49:34,927:INFO:compare_models() succesfully completed......................................
2023-04-25 12:50:08,053:INFO:PyCaret Supervised Module
2023-04-25 12:50:08,053:INFO:ML Usecase: classification
2023-04-25 12:50:08,053:INFO:version 2.3.10
2023-04-25 12:50:08,053:INFO:Initializing setup()
2023-04-25 12:50:08,053:INFO:setup(target=Delay, ml_usecase=classification, available_plots={'parameter': 'Hyperparameters', 'auc': 'AUC', 'confusion_matrix': 'Confusion Matrix', 'threshold': 'Threshold', 'pr': 'Precision Recall', 'error': 'Prediction Error', 'class_report': 'Class Report', 'rfe': 'Feature Selection', 'learning': 'Learning Curve', 'manifold': 'Manifold Learning', 'calibration': 'Calibration Curve', 'vc': 'Validation Curve', 'dimension': 'Dimensions', 'feature': 'Feature Importance', 'feature_all': 'Feature Importance (All)', 'boundary': 'Decision Boundary', 'lift': 'Lift Chart', 'gain': 'Gain Chart', 'tree': 'Decision Tree', 'ks': 'KS Statistic Plot'}, train_size=0.7, test_data=None, preprocess=True, imputation_type=simple, iterative_imputation_iters=5, categorical_features=None, categorical_imputation=constant, categorical_iterative_imputer=lightgbm, ordinal_features=None, high_cardinality_features=None, high_cardinality_method=frequency, numeric_features=None, numeric_imputation=mean, numeric_iterative_imputer=lightgbm, date_features=None, ignore_features=None, normalize=False, normalize_method=zscore, transformation=False, transformation_method=yeo-johnson, handle_unknown_categorical=True, unknown_categorical_method=least_frequent, pca=False, pca_method=linear, pca_components=None, ignore_low_variance=False, combine_rare_levels=False, rare_level_threshold=0.1, bin_numeric_features=None, remove_outliers=False, outliers_threshold=0.05, remove_multicollinearity=False, multicollinearity_threshold=0.9, remove_perfect_collinearity=True, create_clusters=False, cluster_iter=20, polynomial_features=False, polynomial_degree=2, trigonometry_features=False, polynomial_threshold=0.1, group_features=None, group_names=None, feature_selection=False, feature_selection_threshold=0.8, feature_selection_method=classic, feature_interaction=False, feature_ratio=False, interaction_threshold=0.01, fix_imbalance=False, fix_imbalance_method=None, transform_target=False, transform_target_method=box-cox, data_split_shuffle=True, data_split_stratify=False, fold_strategy=stratifiedkfold, fold=10, fold_shuffle=False, fold_groups=None, n_jobs=-1, use_gpu=False, custom_pipeline=None, html=True, session_id=None, log_experiment=False, experiment_name=None, experiment_custom_tags=None, log_plots=False, log_profile=False, log_data=False, silent=True, verbose=True, profile=True, profile_kwargs=None, display=None)
2023-04-25 12:50:08,053:INFO:Checking environment
2023-04-25 12:50:08,053:INFO:python_version: 3.8.8
2023-04-25 12:50:08,053:INFO:python_build: ('tags/v3.8.8:024d805', 'Feb 19 2021 13:18:16')
2023-04-25 12:50:08,054:INFO:machine: AMD64
2023-04-25 12:50:08,054:INFO:platform: Windows-10-10.0.19041-SP0
2023-04-25 12:50:08,057:INFO:Memory: svmem(total=17091190784, available=4050243584, percent=76.3, used=13040947200, free=4050243584)
2023-04-25 12:50:08,057:INFO:Physical Core: 4
2023-04-25 12:50:08,058:INFO:Logical Core: 4
2023-04-25 12:50:08,058:INFO:Checking libraries
2023-04-25 12:50:08,058:INFO:pd==1.5.3
2023-04-25 12:50:08,058:INFO:numpy==1.20.3
2023-04-25 12:50:08,058:INFO:sklearn==0.23.2
2023-04-25 12:50:08,058:INFO:lightgbm==3.3.5
2023-04-25 12:50:08,058:INFO:catboost==1.1.1
2023-04-25 12:50:08,058:INFO:xgboost==1.7.4
2023-04-25 12:50:08,058:INFO:mlflow==2.2.2
2023-04-25 12:50:08,058:INFO:Checking Exceptions
2023-04-25 12:50:08,058:INFO:Declaring global variables
2023-04-25 12:50:08,058:INFO:USI: 860f
2023-04-25 12:50:08,058:INFO:pycaret_globals: {'_ml_usecase', '_all_metrics', 'master_model_container', 'log_plots_param', 'prep_pipe', '_all_models_internal', '_internal_pipeline', 'X_test', 'stratify_param', 'pycaret_globals', 'USI', 'n_jobs_param', 'data_before_preprocess', 'fold_generator', 'y_train', 'transform_target_method_param', 'fix_imbalance_param', 'fold_groups_param_full', 'imputation_classifier', 'fold_param', 'imputation_regressor', 'gpu_param', 'y_test', 'transform_target_param', 'exp_name_log', 'target_param', '_all_models', '_available_plots', 'dashboard_logger', 'html_param', 'logging_param', 'experiment__', 'X_train', 'create_model_container', 'fix_imbalance_method_param', 'display_container', 'iterative_imputation_iters_param', 'X', '_gpu_n_jobs_param', 'y', 'fold_groups_param', 'seed', 'fold_shuffle_param'}
2023-04-25 12:50:08,058:INFO:Preparing display monitor
2023-04-25 12:50:08,059:INFO:Preparing display monitor
2023-04-25 12:50:08,073:INFO:Importing libraries
2023-04-25 12:50:08,073:INFO:Copying data for preprocessing
2023-04-25 12:50:08,098:INFO:Declaring preprocessing parameters
2023-04-25 12:50:08,114:INFO:Creating preprocessing pipeline
2023-04-25 12:50:08,275:INFO:Preprocessing pipeline created successfully
2023-04-25 12:50:08,275:ERROR:(Process Exit): setup has been interupted with user command 'quit'. setup must rerun.
2023-04-25 12:50:08,275:INFO:Creating global containers
2023-04-25 12:50:08,276:INFO:Internal pipeline: Pipeline(memory=None, steps=[('empty_step', 'passthrough')], verbose=False)
2023-04-25 12:50:10,579:INFO:Creating grid variables
2023-04-25 12:51:29,537:INFO:create_model_container: 0
2023-04-25 12:51:29,537:INFO:master_model_container: 0
2023-04-25 12:51:29,538:INFO:display_container: 1
2023-04-25 12:51:29,542:INFO:Pipeline(memory=None,
         steps=[('dtypes',
                 DataTypes_Auto_infer(categorical_features=[],
                                      display_types=False, features_todrop=[],
                                      id_columns=[],
                                      ml_usecase='classification',
                                      numerical_features=[], target='Delay',
                                      time_features=[])),
                ('imputer',
                 Simple_Imputer(categorical_strategy='not_available',
                                fill_value_categorical=None,
                                fill_value_numerical=None,
                                numeric_strat...
                ('scaling', 'passthrough'), ('P_transform', 'passthrough'),
                ('binn', 'passthrough'), ('rem_outliers', 'passthrough'),
                ('cluster_all', 'passthrough'),
                ('dummy', Dummify(target='Delay')),
                ('fix_perfect', Remove_100(target='Delay')),
                ('clean_names', Clean_Colum_Names()),
                ('feature_select', 'passthrough'), ('fix_multi', 'passthrough'),
                ('dfs', 'passthrough'), ('pca', 'passthrough')],
         verbose=False)
2023-04-25 12:51:29,542:INFO:setup() succesfully completed......................................
2023-04-25 12:51:35,050:INFO:Initializing compare_models()
2023-04-25 12:51:35,050:INFO:compare_models(include=None, fold=None, round=4, cross_validation=True, sort=acc, n_select=2, budget_time=None, turbo=True, errors=ignore, fit_kwargs=None, groups=None, experiment_custom_tags=None, probability_threshold=None, verbose=True, display=None, exclude=None)
2023-04-25 12:51:35,050:INFO:Checking exceptions
2023-04-25 12:51:35,052:INFO:Preparing display monitor
2023-04-25 12:51:35,053:INFO:Preparing display monitor
2023-04-25 12:51:35,079:INFO:Initializing Logistic Regression
2023-04-25 12:51:35,079:INFO:Total runtime is 0.0 minutes
2023-04-25 12:51:35,090:INFO:SubProcess create_model() called ==================================
2023-04-25 12:51:35,091:INFO:Initializing create_model()
2023-04-25 12:51:35,091:INFO:create_model(estimator=lr, fold=StratifiedKFold(n_splits=10, random_state=None, shuffle=False), round=4, cross_validation=True, predict=True, fit_kwargs={}, groups=None, refit=False, verbose=False, system=False, metrics=None, experiment_custom_tags=None, add_to_model_list=True, probability_threshold=None, display=<pycaret.internal.Display.Display object at 0x000001906660ABB0>, return_train_score=False, kwargs={})
2023-04-25 12:51:35,091:INFO:Checking exceptions
2023-04-25 12:51:35,091:INFO:Importing libraries
2023-04-25 12:51:35,091:INFO:Copying training dataset
2023-04-25 12:51:35,112:INFO:Defining folds
2023-04-25 12:51:35,112:INFO:Declaring metric variables
2023-04-25 12:51:35,121:INFO:Importing untrained model
2023-04-25 12:51:35,130:INFO:Logistic Regression Imported succesfully
2023-04-25 12:51:35,149:INFO:Starting cross validation
2023-04-25 12:51:35,150:INFO:Cross validating with StratifiedKFold(n_splits=10, random_state=None, shuffle=False), n_jobs=-1
2023-04-25 12:52:56,124:INFO:Calculating mean and std
2023-04-25 12:52:56,126:INFO:Creating metrics dataframe
2023-04-25 12:52:56,133:INFO:Uploading results into container
2023-04-25 12:52:56,133:INFO:Uploading model into container now
2023-04-25 12:52:56,133:INFO:create_model_container: 1
2023-04-25 12:52:56,134:INFO:master_model_container: 1
2023-04-25 12:52:56,134:INFO:display_container: 2
2023-04-25 12:52:56,134:INFO:LogisticRegression(C=1.0, class_weight=None, dual=False, fit_intercept=True,
                   intercept_scaling=1, l1_ratio=None, max_iter=1000,
                   multi_class='auto', n_jobs=None, penalty='l2',
                   random_state=8575, solver='lbfgs', tol=0.0001, verbose=0,
                   warm_start=False)
2023-04-25 12:52:56,135:INFO:create_model() succesfully completed......................................
2023-04-25 12:52:57,094:INFO:SubProcess create_model() end ==================================
2023-04-25 12:52:57,094:INFO:Creating metrics dataframe
2023-04-25 12:52:57,106:INFO:Initializing K Neighbors Classifier
2023-04-25 12:52:57,106:INFO:Total runtime is 1.36711128950119 minutes
2023-04-25 12:52:57,115:INFO:SubProcess create_model() called ==================================
2023-04-25 12:52:57,116:INFO:Initializing create_model()
2023-04-25 12:52:57,116:INFO:create_model(estimator=knn, fold=StratifiedKFold(n_splits=10, random_state=None, shuffle=False), round=4, cross_validation=True, predict=True, fit_kwargs={}, groups=None, refit=False, verbose=False, system=False, metrics=None, experiment_custom_tags=None, add_to_model_list=True, probability_threshold=None, display=<pycaret.internal.Display.Display object at 0x000001906660ABB0>, return_train_score=False, kwargs={})
2023-04-25 12:52:57,116:INFO:Checking exceptions
2023-04-25 12:52:57,116:INFO:Importing libraries
2023-04-25 12:52:57,116:INFO:Copying training dataset
2023-04-25 12:52:57,135:INFO:Defining folds
2023-04-25 12:52:57,135:INFO:Declaring metric variables
2023-04-25 12:52:57,146:INFO:Importing untrained model
2023-04-25 12:52:57,157:INFO:K Neighbors Classifier Imported succesfully
2023-04-25 12:52:57,175:INFO:Starting cross validation
2023-04-25 12:52:57,176:INFO:Cross validating with StratifiedKFold(n_splits=10, random_state=None, shuffle=False), n_jobs=-1
2023-04-25 12:53:14,651:INFO:Calculating mean and std
2023-04-25 12:53:14,655:INFO:Creating metrics dataframe
2023-04-25 12:53:14,669:INFO:Uploading results into container
2023-04-25 12:53:14,670:INFO:Uploading model into container now
2023-04-25 12:53:14,671:INFO:create_model_container: 2
2023-04-25 12:53:14,671:INFO:master_model_container: 2
2023-04-25 12:53:14,671:INFO:display_container: 2
2023-04-25 12:53:14,672:INFO:KNeighborsClassifier(algorithm='auto', leaf_size=30, metric='minkowski',
                     metric_params=None, n_jobs=-1, n_neighbors=5, p=2,
                     weights='uniform')
2023-04-25 12:53:14,672:INFO:create_model() succesfully completed......................................
2023-04-25 12:53:15,061:INFO:SubProcess create_model() end ==================================
2023-04-25 12:53:15,061:INFO:Creating metrics dataframe
2023-04-25 12:53:15,074:INFO:Initializing Naive Bayes
2023-04-25 12:53:15,074:INFO:Total runtime is 1.6665753205617269 minutes
2023-04-25 12:53:15,083:INFO:SubProcess create_model() called ==================================
2023-04-25 12:53:15,084:INFO:Initializing create_model()
2023-04-25 12:53:15,084:INFO:create_model(estimator=nb, fold=StratifiedKFold(n_splits=10, random_state=None, shuffle=False), round=4, cross_validation=True, predict=True, fit_kwargs={}, groups=None, refit=False, verbose=False, system=False, metrics=None, experiment_custom_tags=None, add_to_model_list=True, probability_threshold=None, display=<pycaret.internal.Display.Display object at 0x000001906660ABB0>, return_train_score=False, kwargs={})
2023-04-25 12:53:15,084:INFO:Checking exceptions
2023-04-25 12:53:15,084:INFO:Importing libraries
2023-04-25 12:53:15,084:INFO:Copying training dataset
2023-04-25 12:53:15,101:INFO:Defining folds
2023-04-25 12:53:15,102:INFO:Declaring metric variables
2023-04-25 12:53:15,109:INFO:Importing untrained model
2023-04-25 12:53:15,118:INFO:Naive Bayes Imported succesfully
2023-04-25 12:53:15,136:INFO:Starting cross validation
2023-04-25 12:53:15,137:INFO:Cross validating with StratifiedKFold(n_splits=10, random_state=None, shuffle=False), n_jobs=-1
2023-04-25 12:53:16,164:INFO:Calculating mean and std
2023-04-25 12:53:16,167:INFO:Creating metrics dataframe
2023-04-25 12:53:16,180:INFO:Uploading results into container
2023-04-25 12:53:16,181:INFO:Uploading model into container now
2023-04-25 12:53:16,181:INFO:create_model_container: 3
2023-04-25 12:53:16,181:INFO:master_model_container: 3
2023-04-25 12:53:16,182:INFO:display_container: 2
2023-04-25 12:53:16,182:INFO:GaussianNB(priors=None, var_smoothing=1e-09)
2023-04-25 12:53:16,182:INFO:create_model() succesfully completed......................................
2023-04-25 12:53:16,570:INFO:SubProcess create_model() end ==================================
2023-04-25 12:53:16,570:INFO:Creating metrics dataframe
2023-04-25 12:53:16,583:INFO:Initializing Decision Tree Classifier
2023-04-25 12:53:16,583:INFO:Total runtime is 1.6917247255643209 minutes
2023-04-25 12:53:16,593:INFO:SubProcess create_model() called ==================================
2023-04-25 12:53:16,593:INFO:Initializing create_model()
2023-04-25 12:53:16,594:INFO:create_model(estimator=dt, fold=StratifiedKFold(n_splits=10, random_state=None, shuffle=False), round=4, cross_validation=True, predict=True, fit_kwargs={}, groups=None, refit=False, verbose=False, system=False, metrics=None, experiment_custom_tags=None, add_to_model_list=True, probability_threshold=None, display=<pycaret.internal.Display.Display object at 0x000001906660ABB0>, return_train_score=False, kwargs={})
2023-04-25 12:53:16,594:INFO:Checking exceptions
2023-04-25 12:53:16,594:INFO:Importing libraries
2023-04-25 12:53:16,594:INFO:Copying training dataset
2023-04-25 12:53:16,612:INFO:Defining folds
2023-04-25 12:53:16,613:INFO:Declaring metric variables
2023-04-25 12:53:16,621:INFO:Importing untrained model
2023-04-25 12:53:16,629:INFO:Decision Tree Classifier Imported succesfully
2023-04-25 12:53:16,647:INFO:Starting cross validation
2023-04-25 12:53:16,648:INFO:Cross validating with StratifiedKFold(n_splits=10, random_state=None, shuffle=False), n_jobs=-1
2023-04-25 12:53:30,243:INFO:Calculating mean and std
2023-04-25 12:53:30,246:INFO:Creating metrics dataframe
2023-04-25 12:53:30,257:INFO:Uploading results into container
2023-04-25 12:53:30,257:INFO:Uploading model into container now
2023-04-25 12:53:30,258:INFO:create_model_container: 4
2023-04-25 12:53:30,258:INFO:master_model_container: 4
2023-04-25 12:53:30,258:INFO:display_container: 2
2023-04-25 12:53:30,258:INFO:DecisionTreeClassifier(ccp_alpha=0.0, class_weight=None, criterion='gini',
                       max_depth=None, max_features=None, max_leaf_nodes=None,
                       min_impurity_decrease=0.0, min_impurity_split=None,
                       min_samples_leaf=1, min_samples_split=2,
                       min_weight_fraction_leaf=0.0, presort='deprecated',
                       random_state=8575, splitter='best')
2023-04-25 12:53:30,258:INFO:create_model() succesfully completed......................................
2023-04-25 12:53:30,608:INFO:SubProcess create_model() end ==================================
2023-04-25 12:53:30,608:INFO:Creating metrics dataframe
2023-04-25 12:53:30,621:INFO:Initializing SVM - Linear Kernel
2023-04-25 12:53:30,621:INFO:Total runtime is 1.9256940841674806 minutes
2023-04-25 12:53:30,630:INFO:SubProcess create_model() called ==================================
2023-04-25 12:53:30,631:INFO:Initializing create_model()
2023-04-25 12:53:30,631:INFO:create_model(estimator=svm, fold=StratifiedKFold(n_splits=10, random_state=None, shuffle=False), round=4, cross_validation=True, predict=True, fit_kwargs={}, groups=None, refit=False, verbose=False, system=False, metrics=None, experiment_custom_tags=None, add_to_model_list=True, probability_threshold=None, display=<pycaret.internal.Display.Display object at 0x000001906660ABB0>, return_train_score=False, kwargs={})
2023-04-25 12:53:30,631:INFO:Checking exceptions
2023-04-25 12:53:30,631:INFO:Importing libraries
2023-04-25 12:53:30,631:INFO:Copying training dataset
2023-04-25 12:53:30,649:INFO:Defining folds
2023-04-25 12:53:30,649:INFO:Declaring metric variables
2023-04-25 12:53:30,660:INFO:Importing untrained model
2023-04-25 12:53:30,670:INFO:SVM - Linear Kernel Imported succesfully
2023-04-25 12:53:30,689:INFO:Starting cross validation
2023-04-25 12:53:30,689:INFO:Cross validating with StratifiedKFold(n_splits=10, random_state=None, shuffle=False), n_jobs=-1
2023-04-25 12:54:40,164:INFO:Calculating mean and std
2023-04-25 12:54:40,165:INFO:Creating metrics dataframe
2023-04-25 12:54:40,169:INFO:Uploading results into container
2023-04-25 12:54:40,169:INFO:Uploading model into container now
2023-04-25 12:54:40,169:INFO:create_model_container: 5
2023-04-25 12:54:40,169:INFO:master_model_container: 5
2023-04-25 12:54:40,169:INFO:display_container: 2
2023-04-25 12:54:40,170:INFO:SGDClassifier(alpha=0.0001, average=False, class_weight=None,
              early_stopping=False, epsilon=0.1, eta0=0.001, fit_intercept=True,
              l1_ratio=0.15, learning_rate='optimal', loss='hinge',
              max_iter=1000, n_iter_no_change=5, n_jobs=-1, penalty='l2',
              power_t=0.5, random_state=8575, shuffle=True, tol=0.001,
              validation_fraction=0.1, verbose=0, warm_start=False)
2023-04-25 12:54:40,170:INFO:create_model() succesfully completed......................................
2023-04-25 12:54:40,538:INFO:SubProcess create_model() end ==================================
2023-04-25 12:54:40,539:INFO:Creating metrics dataframe
2023-04-25 12:54:40,553:INFO:Initializing Ridge Classifier
2023-04-25 12:54:40,553:INFO:Total runtime is 3.091231723626455 minutes
2023-04-25 12:54:40,563:INFO:SubProcess create_model() called ==================================
2023-04-25 12:54:40,563:INFO:Initializing create_model()
2023-04-25 12:54:40,563:INFO:create_model(estimator=ridge, fold=StratifiedKFold(n_splits=10, random_state=None, shuffle=False), round=4, cross_validation=True, predict=True, fit_kwargs={}, groups=None, refit=False, verbose=False, system=False, metrics=None, experiment_custom_tags=None, add_to_model_list=True, probability_threshold=None, display=<pycaret.internal.Display.Display object at 0x000001906660ABB0>, return_train_score=False, kwargs={})
2023-04-25 12:54:40,563:INFO:Checking exceptions
2023-04-25 12:54:40,564:INFO:Importing libraries
2023-04-25 12:54:40,564:INFO:Copying training dataset
2023-04-25 12:54:40,582:INFO:Defining folds
2023-04-25 12:54:40,582:INFO:Declaring metric variables
2023-04-25 12:54:40,592:INFO:Importing untrained model
2023-04-25 12:54:40,601:INFO:Ridge Classifier Imported succesfully
2023-04-25 12:54:40,619:INFO:Starting cross validation
2023-04-25 12:54:40,620:INFO:Cross validating with StratifiedKFold(n_splits=10, random_state=None, shuffle=False), n_jobs=-1
2023-04-25 12:54:41,621:INFO:Calculating mean and std
2023-04-25 12:54:41,623:INFO:Creating metrics dataframe
2023-04-25 12:54:41,629:INFO:Uploading results into container
2023-04-25 12:54:41,629:INFO:Uploading model into container now
2023-04-25 12:54:41,629:INFO:create_model_container: 6
2023-04-25 12:54:41,630:INFO:master_model_container: 6
2023-04-25 12:54:41,630:INFO:display_container: 2
2023-04-25 12:54:41,630:INFO:RidgeClassifier(alpha=1.0, class_weight=None, copy_X=True, fit_intercept=True,
                max_iter=None, normalize=False, random_state=8575,
                solver='auto', tol=0.001)
2023-04-25 12:54:41,630:INFO:create_model() succesfully completed......................................
2023-04-25 12:54:42,002:INFO:SubProcess create_model() end ==================================
2023-04-25 12:54:42,003:INFO:Creating metrics dataframe
2023-04-25 12:54:42,023:INFO:Initializing Random Forest Classifier
2023-04-25 12:54:42,023:INFO:Total runtime is 3.115732880433401 minutes
2023-04-25 12:54:42,033:INFO:SubProcess create_model() called ==================================
2023-04-25 12:54:42,033:INFO:Initializing create_model()
2023-04-25 12:54:42,033:INFO:create_model(estimator=rf, fold=StratifiedKFold(n_splits=10, random_state=None, shuffle=False), round=4, cross_validation=True, predict=True, fit_kwargs={}, groups=None, refit=False, verbose=False, system=False, metrics=None, experiment_custom_tags=None, add_to_model_list=True, probability_threshold=None, display=<pycaret.internal.Display.Display object at 0x000001906660ABB0>, return_train_score=False, kwargs={})
2023-04-25 12:54:42,033:INFO:Checking exceptions
2023-04-25 12:54:42,034:INFO:Importing libraries
2023-04-25 12:54:42,034:INFO:Copying training dataset
2023-04-25 12:54:42,051:INFO:Defining folds
2023-04-25 12:54:42,051:INFO:Declaring metric variables
2023-04-25 12:54:42,059:INFO:Importing untrained model
2023-04-25 12:54:42,070:INFO:Random Forest Classifier Imported succesfully
2023-04-25 12:54:42,089:INFO:Starting cross validation
2023-04-25 12:54:42,090:INFO:Cross validating with StratifiedKFold(n_splits=10, random_state=None, shuffle=False), n_jobs=-1
2023-04-25 12:57:17,730:INFO:Calculating mean and std
2023-04-25 12:57:17,731:INFO:Creating metrics dataframe
2023-04-25 12:57:17,738:INFO:Uploading results into container
2023-04-25 12:57:17,738:INFO:Uploading model into container now
2023-04-25 12:57:17,739:INFO:create_model_container: 7
2023-04-25 12:57:17,739:INFO:master_model_container: 7
2023-04-25 12:57:17,739:INFO:display_container: 2
2023-04-25 12:57:17,740:INFO:RandomForestClassifier(bootstrap=True, ccp_alpha=0.0, class_weight=None,
                       criterion='gini', max_depth=None, max_features='auto',
                       max_leaf_nodes=None, max_samples=None,
                       min_impurity_decrease=0.0, min_impurity_split=None,
                       min_samples_leaf=1, min_samples_split=2,
                       min_weight_fraction_leaf=0.0, n_estimators=100,
                       n_jobs=-1, oob_score=False, random_state=8575, verbose=0,
                       warm_start=False)
2023-04-25 12:57:17,740:INFO:create_model() succesfully completed......................................
2023-04-25 12:57:18,205:INFO:SubProcess create_model() end ==================================
2023-04-25 12:57:18,205:INFO:Creating metrics dataframe
2023-04-25 12:57:18,220:INFO:Initializing Quadratic Discriminant Analysis
2023-04-25 12:57:18,221:INFO:Total runtime is 5.719027328491212 minutes
2023-04-25 12:57:18,232:INFO:SubProcess create_model() called ==================================
2023-04-25 12:57:18,232:INFO:Initializing create_model()
2023-04-25 12:57:18,233:INFO:create_model(estimator=qda, fold=StratifiedKFold(n_splits=10, random_state=None, shuffle=False), round=4, cross_validation=True, predict=True, fit_kwargs={}, groups=None, refit=False, verbose=False, system=False, metrics=None, experiment_custom_tags=None, add_to_model_list=True, probability_threshold=None, display=<pycaret.internal.Display.Display object at 0x000001906660ABB0>, return_train_score=False, kwargs={})
2023-04-25 12:57:18,233:INFO:Checking exceptions
2023-04-25 12:57:18,233:INFO:Importing libraries
2023-04-25 12:57:18,233:INFO:Copying training dataset
2023-04-25 12:57:18,254:INFO:Defining folds
2023-04-25 12:57:18,254:INFO:Declaring metric variables
2023-04-25 12:57:18,265:INFO:Importing untrained model
2023-04-25 12:57:18,276:INFO:Quadratic Discriminant Analysis Imported succesfully
2023-04-25 12:57:18,302:INFO:Starting cross validation
2023-04-25 12:57:18,303:INFO:Cross validating with StratifiedKFold(n_splits=10, random_state=None, shuffle=False), n_jobs=-1
2023-04-25 12:57:47,422:INFO:Calculating mean and std
2023-04-25 12:57:47,426:INFO:Creating metrics dataframe
2023-04-25 12:57:47,442:INFO:Uploading results into container
2023-04-25 12:57:47,443:INFO:Uploading model into container now
2023-04-25 12:57:47,443:INFO:create_model_container: 8
2023-04-25 12:57:47,444:INFO:master_model_container: 8
2023-04-25 12:57:47,444:INFO:display_container: 2
2023-04-25 12:57:47,445:INFO:QuadraticDiscriminantAnalysis(priors=None, reg_param=0.0,
                              store_covariance=False, tol=0.0001)
2023-04-25 12:57:47,445:INFO:create_model() succesfully completed......................................
2023-04-25 12:57:47,833:INFO:SubProcess create_model() end ==================================
2023-04-25 12:57:47,833:INFO:Creating metrics dataframe
2023-04-25 12:57:47,847:INFO:Initializing Ada Boost Classifier
2023-04-25 12:57:47,847:INFO:Total runtime is 6.2127951979637155 minutes
2023-04-25 12:57:47,856:INFO:SubProcess create_model() called ==================================
2023-04-25 12:57:47,856:INFO:Initializing create_model()
2023-04-25 12:57:47,856:INFO:create_model(estimator=ada, fold=StratifiedKFold(n_splits=10, random_state=None, shuffle=False), round=4, cross_validation=True, predict=True, fit_kwargs={}, groups=None, refit=False, verbose=False, system=False, metrics=None, experiment_custom_tags=None, add_to_model_list=True, probability_threshold=None, display=<pycaret.internal.Display.Display object at 0x000001906660ABB0>, return_train_score=False, kwargs={})
2023-04-25 12:57:47,857:INFO:Checking exceptions
2023-04-25 12:57:47,857:INFO:Importing libraries
2023-04-25 12:57:47,857:INFO:Copying training dataset
2023-04-25 12:57:47,874:INFO:Defining folds
2023-04-25 12:57:47,875:INFO:Declaring metric variables
2023-04-25 12:57:47,885:INFO:Importing untrained model
2023-04-25 12:57:47,896:INFO:Ada Boost Classifier Imported succesfully
2023-04-25 12:57:47,914:INFO:Starting cross validation
2023-04-25 12:57:47,915:INFO:Cross validating with StratifiedKFold(n_splits=10, random_state=None, shuffle=False), n_jobs=-1
2023-04-25 12:58:27,356:INFO:Calculating mean and std
2023-04-25 12:58:27,358:INFO:Creating metrics dataframe
2023-04-25 12:58:27,368:INFO:Uploading results into container
2023-04-25 12:58:27,368:INFO:Uploading model into container now
2023-04-25 12:58:27,368:INFO:create_model_container: 9
2023-04-25 12:58:27,368:INFO:master_model_container: 9
2023-04-25 12:58:27,368:INFO:display_container: 2
2023-04-25 12:58:27,369:INFO:AdaBoostClassifier(algorithm='SAMME.R', base_estimator=None, learning_rate=1.0,
                   n_estimators=50, random_state=8575)
2023-04-25 12:58:27,369:INFO:create_model() succesfully completed......................................
2023-04-25 12:58:27,747:INFO:SubProcess create_model() end ==================================
2023-04-25 12:58:27,747:INFO:Creating metrics dataframe
2023-04-25 12:58:27,763:INFO:Initializing Gradient Boosting Classifier
2023-04-25 12:58:27,763:INFO:Total runtime is 6.8780688206354785 minutes
2023-04-25 12:58:27,772:INFO:SubProcess create_model() called ==================================
2023-04-25 12:58:27,772:INFO:Initializing create_model()
2023-04-25 12:58:27,772:INFO:create_model(estimator=gbc, fold=StratifiedKFold(n_splits=10, random_state=None, shuffle=False), round=4, cross_validation=True, predict=True, fit_kwargs={}, groups=None, refit=False, verbose=False, system=False, metrics=None, experiment_custom_tags=None, add_to_model_list=True, probability_threshold=None, display=<pycaret.internal.Display.Display object at 0x000001906660ABB0>, return_train_score=False, kwargs={})
2023-04-25 12:58:27,773:INFO:Checking exceptions
2023-04-25 12:58:27,773:INFO:Importing libraries
2023-04-25 12:58:27,773:INFO:Copying training dataset
2023-04-25 12:58:27,792:INFO:Defining folds
2023-04-25 12:58:27,793:INFO:Declaring metric variables
2023-04-25 12:58:27,803:INFO:Importing untrained model
2023-04-25 12:58:27,814:INFO:Gradient Boosting Classifier Imported succesfully
2023-04-25 12:58:27,836:INFO:Starting cross validation
2023-04-25 12:58:27,837:INFO:Cross validating with StratifiedKFold(n_splits=10, random_state=None, shuffle=False), n_jobs=-1
2023-04-25 13:01:19,901:INFO:Calculating mean and std
2023-04-25 13:01:19,903:INFO:Creating metrics dataframe
2023-04-25 13:01:19,919:INFO:Uploading results into container
2023-04-25 13:01:19,920:INFO:Uploading model into container now
2023-04-25 13:01:19,920:INFO:create_model_container: 10
2023-04-25 13:01:19,920:INFO:master_model_container: 10
2023-04-25 13:01:19,921:INFO:display_container: 2
2023-04-25 13:01:19,923:INFO:GradientBoostingClassifier(ccp_alpha=0.0, criterion='friedman_mse', init=None,
                           learning_rate=0.1, loss='deviance', max_depth=3,
                           max_features=None, max_leaf_nodes=None,
                           min_impurity_decrease=0.0, min_impurity_split=None,
                           min_samples_leaf=1, min_samples_split=2,
                           min_weight_fraction_leaf=0.0, n_estimators=100,
                           n_iter_no_change=None, presort='deprecated',
                           random_state=8575, subsample=1.0, tol=0.0001,
                           validation_fraction=0.1, verbose=0,
                           warm_start=False)
2023-04-25 13:01:19,923:INFO:create_model() succesfully completed......................................
2023-04-25 13:01:20,280:INFO:SubProcess create_model() end ==================================
2023-04-25 13:01:20,280:INFO:Creating metrics dataframe
2023-04-25 13:01:20,294:INFO:Initializing Linear Discriminant Analysis
2023-04-25 13:01:20,294:INFO:Total runtime is 9.753578213850659 minutes
2023-04-25 13:01:20,303:INFO:SubProcess create_model() called ==================================
2023-04-25 13:01:20,303:INFO:Initializing create_model()
2023-04-25 13:01:20,304:INFO:create_model(estimator=lda, fold=StratifiedKFold(n_splits=10, random_state=None, shuffle=False), round=4, cross_validation=True, predict=True, fit_kwargs={}, groups=None, refit=False, verbose=False, system=False, metrics=None, experiment_custom_tags=None, add_to_model_list=True, probability_threshold=None, display=<pycaret.internal.Display.Display object at 0x000001906660ABB0>, return_train_score=False, kwargs={})
2023-04-25 13:01:20,304:INFO:Checking exceptions
2023-04-25 13:01:20,305:INFO:Importing libraries
2023-04-25 13:01:20,305:INFO:Copying training dataset
2023-04-25 13:01:20,322:INFO:Defining folds
2023-04-25 13:01:20,322:INFO:Declaring metric variables
2023-04-25 13:01:20,332:INFO:Importing untrained model
2023-04-25 13:01:20,344:INFO:Linear Discriminant Analysis Imported succesfully
2023-04-25 13:01:20,363:INFO:Starting cross validation
2023-04-25 13:01:20,364:INFO:Cross validating with StratifiedKFold(n_splits=10, random_state=None, shuffle=False), n_jobs=-1
2023-04-25 13:01:24,001:INFO:Calculating mean and std
2023-04-25 13:01:24,004:INFO:Creating metrics dataframe
2023-04-25 13:01:24,019:INFO:Uploading results into container
2023-04-25 13:01:24,020:INFO:Uploading model into container now
2023-04-25 13:01:24,021:INFO:create_model_container: 11
2023-04-25 13:01:24,021:INFO:master_model_container: 11
2023-04-25 13:01:24,021:INFO:display_container: 2
2023-04-25 13:01:24,022:INFO:LinearDiscriminantAnalysis(n_components=None, priors=None, shrinkage=None,
                           solver='svd', store_covariance=False, tol=0.0001)
2023-04-25 13:01:24,023:INFO:create_model() succesfully completed......................................
2023-04-25 13:01:24,399:INFO:SubProcess create_model() end ==================================
2023-04-25 13:01:24,399:INFO:Creating metrics dataframe
2023-04-25 13:01:24,414:INFO:Initializing Extra Trees Classifier
2023-04-25 13:01:24,414:INFO:Total runtime is 9.822240972518923 minutes
2023-04-25 13:01:24,422:INFO:SubProcess create_model() called ==================================
2023-04-25 13:01:24,423:INFO:Initializing create_model()
2023-04-25 13:01:24,423:INFO:create_model(estimator=et, fold=StratifiedKFold(n_splits=10, random_state=None, shuffle=False), round=4, cross_validation=True, predict=True, fit_kwargs={}, groups=None, refit=False, verbose=False, system=False, metrics=None, experiment_custom_tags=None, add_to_model_list=True, probability_threshold=None, display=<pycaret.internal.Display.Display object at 0x000001906660ABB0>, return_train_score=False, kwargs={})
2023-04-25 13:01:24,423:INFO:Checking exceptions
2023-04-25 13:01:24,423:INFO:Importing libraries
2023-04-25 13:01:24,423:INFO:Copying training dataset
2023-04-25 13:01:24,439:INFO:Defining folds
2023-04-25 13:01:24,439:INFO:Declaring metric variables
2023-04-25 13:01:24,452:INFO:Importing untrained model
2023-04-25 13:01:24,463:INFO:Extra Trees Classifier Imported succesfully
2023-04-25 13:01:24,484:INFO:Starting cross validation
2023-04-25 13:01:24,485:INFO:Cross validating with StratifiedKFold(n_splits=10, random_state=None, shuffle=False), n_jobs=-1
2023-04-25 13:03:09,863:INFO:Calculating mean and std
2023-04-25 13:03:09,864:INFO:Creating metrics dataframe
2023-04-25 13:03:09,871:INFO:Uploading results into container
2023-04-25 13:03:09,871:INFO:Uploading model into container now
2023-04-25 13:03:09,871:INFO:create_model_container: 12
2023-04-25 13:03:09,871:INFO:master_model_container: 12
2023-04-25 13:03:09,871:INFO:display_container: 2
2023-04-25 13:03:09,872:INFO:ExtraTreesClassifier(bootstrap=False, ccp_alpha=0.0, class_weight=None,
                     criterion='gini', max_depth=None, max_features='auto',
                     max_leaf_nodes=None, max_samples=None,
                     min_impurity_decrease=0.0, min_impurity_split=None,
                     min_samples_leaf=1, min_samples_split=2,
                     min_weight_fraction_leaf=0.0, n_estimators=100, n_jobs=-1,
                     oob_score=False, random_state=8575, verbose=0,
                     warm_start=False)
2023-04-25 13:03:09,872:INFO:create_model() succesfully completed......................................
2023-04-25 13:03:10,324:INFO:SubProcess create_model() end ==================================
2023-04-25 13:03:10,324:INFO:Creating metrics dataframe
2023-04-25 13:03:10,345:INFO:Initializing Extreme Gradient Boosting
2023-04-25 13:03:10,345:INFO:Total runtime is 11.587753868103029 minutes
2023-04-25 13:03:10,356:INFO:SubProcess create_model() called ==================================
2023-04-25 13:03:10,357:INFO:Initializing create_model()
2023-04-25 13:03:10,357:INFO:create_model(estimator=xgboost, fold=StratifiedKFold(n_splits=10, random_state=None, shuffle=False), round=4, cross_validation=True, predict=True, fit_kwargs={}, groups=None, refit=False, verbose=False, system=False, metrics=None, experiment_custom_tags=None, add_to_model_list=True, probability_threshold=None, display=<pycaret.internal.Display.Display object at 0x000001906660ABB0>, return_train_score=False, kwargs={})
2023-04-25 13:03:10,357:INFO:Checking exceptions
2023-04-25 13:03:10,357:INFO:Importing libraries
2023-04-25 13:03:10,357:INFO:Copying training dataset
2023-04-25 13:03:10,382:INFO:Defining folds
2023-04-25 13:03:10,382:INFO:Declaring metric variables
2023-04-25 13:03:10,393:INFO:Importing untrained model
2023-04-25 13:03:10,407:INFO:Extreme Gradient Boosting Imported succesfully
2023-04-25 13:03:10,432:INFO:Starting cross validation
2023-04-25 13:03:10,434:INFO:Cross validating with StratifiedKFold(n_splits=10, random_state=None, shuffle=False), n_jobs=-1
2023-04-25 13:05:00,181:INFO:Calculating mean and std
2023-04-25 13:05:00,182:INFO:Creating metrics dataframe
2023-04-25 13:05:00,192:INFO:Uploading results into container
2023-04-25 13:05:00,192:INFO:Uploading model into container now
2023-04-25 13:05:00,193:INFO:create_model_container: 13
2023-04-25 13:05:00,193:INFO:master_model_container: 13
2023-04-25 13:05:00,193:INFO:display_container: 2
2023-04-25 13:05:00,195:INFO:XGBClassifier(base_score=None, booster='gbtree', callbacks=None,
              colsample_bylevel=None, colsample_bynode=None,
              colsample_bytree=None, early_stopping_rounds=None,
              enable_categorical=False, eval_metric=None, feature_types=None,
              gamma=None, gpu_id=None, grow_policy=None, importance_type=None,
              interaction_constraints=None, learning_rate=None, max_bin=None,
              max_cat_threshold=None, max_cat_to_onehot=None,
              max_delta_step=None, max_depth=None, max_leaves=None,
              min_child_weight=None, missing=nan, monotone_constraints=None,
              n_estimators=100, n_jobs=-1, num_parallel_tree=None,
              objective='binary:logistic', predictor=None, ...)
2023-04-25 13:05:00,195:INFO:create_model() succesfully completed......................................
2023-04-25 13:05:00,593:INFO:SubProcess create_model() end ==================================
2023-04-25 13:05:00,593:INFO:Creating metrics dataframe
2023-04-25 13:05:00,610:INFO:Initializing Light Gradient Boosting Machine
2023-04-25 13:05:00,610:INFO:Total runtime is 13.425505852699281 minutes
2023-04-25 13:05:00,620:INFO:SubProcess create_model() called ==================================
2023-04-25 13:05:00,621:INFO:Initializing create_model()
2023-04-25 13:05:00,621:INFO:create_model(estimator=lightgbm, fold=StratifiedKFold(n_splits=10, random_state=None, shuffle=False), round=4, cross_validation=True, predict=True, fit_kwargs={}, groups=None, refit=False, verbose=False, system=False, metrics=None, experiment_custom_tags=None, add_to_model_list=True, probability_threshold=None, display=<pycaret.internal.Display.Display object at 0x000001906660ABB0>, return_train_score=False, kwargs={})
2023-04-25 13:05:00,621:INFO:Checking exceptions
2023-04-25 13:05:00,622:INFO:Importing libraries
2023-04-25 13:05:00,622:INFO:Copying training dataset
2023-04-25 13:05:00,643:INFO:Defining folds
2023-04-25 13:05:00,644:INFO:Declaring metric variables
2023-04-25 13:05:00,656:INFO:Importing untrained model
2023-04-25 13:05:00,668:INFO:Light Gradient Boosting Machine Imported succesfully
2023-04-25 13:05:00,688:INFO:Starting cross validation
2023-04-25 13:05:00,689:INFO:Cross validating with StratifiedKFold(n_splits=10, random_state=None, shuffle=False), n_jobs=-1
2023-04-25 13:05:09,813:INFO:Calculating mean and std
2023-04-25 13:05:09,815:INFO:Creating metrics dataframe
2023-04-25 13:05:09,828:INFO:Uploading results into container
2023-04-25 13:05:09,828:INFO:Uploading model into container now
2023-04-25 13:05:09,829:INFO:create_model_container: 14
2023-04-25 13:05:09,829:INFO:master_model_container: 14
2023-04-25 13:05:09,829:INFO:display_container: 2
2023-04-25 13:05:09,831:INFO:LGBMClassifier(boosting_type='gbdt', class_weight=None, colsample_bytree=1.0,
               importance_type='split', learning_rate=0.1, max_depth=-1,
               min_child_samples=20, min_child_weight=0.001, min_split_gain=0.0,
               n_estimators=100, n_jobs=-1, num_leaves=31, objective=None,
               random_state=8575, reg_alpha=0.0, reg_lambda=0.0, silent='warn',
               subsample=1.0, subsample_for_bin=200000, subsample_freq=0)
2023-04-25 13:05:09,831:INFO:create_model() succesfully completed......................................
2023-04-25 13:05:10,208:INFO:SubProcess create_model() end ==================================
2023-04-25 13:05:10,208:INFO:Creating metrics dataframe
2023-04-25 13:05:10,226:INFO:Initializing CatBoost Classifier
2023-04-25 13:05:10,226:INFO:Total runtime is 13.585775442918143 minutes
2023-04-25 13:05:10,237:INFO:SubProcess create_model() called ==================================
2023-04-25 13:05:10,237:INFO:Initializing create_model()
2023-04-25 13:05:10,238:INFO:create_model(estimator=catboost, fold=StratifiedKFold(n_splits=10, random_state=None, shuffle=False), round=4, cross_validation=True, predict=True, fit_kwargs={}, groups=None, refit=False, verbose=False, system=False, metrics=None, experiment_custom_tags=None, add_to_model_list=True, probability_threshold=None, display=<pycaret.internal.Display.Display object at 0x000001906660ABB0>, return_train_score=False, kwargs={})
2023-04-25 13:05:10,238:INFO:Checking exceptions
2023-04-25 13:05:10,238:INFO:Importing libraries
2023-04-25 13:05:10,238:INFO:Copying training dataset
2023-04-25 13:05:10,259:INFO:Defining folds
2023-04-25 13:05:10,259:INFO:Declaring metric variables
2023-04-25 13:05:10,270:INFO:Importing untrained model
2023-04-25 13:05:10,282:INFO:CatBoost Classifier Imported succesfully
2023-04-25 13:05:10,304:INFO:Starting cross validation
2023-04-25 13:05:10,311:INFO:Cross validating with StratifiedKFold(n_splits=10, random_state=None, shuffle=False), n_jobs=-1
2023-04-25 13:07:42,244:INFO:Calculating mean and std
2023-04-25 13:07:42,245:INFO:Creating metrics dataframe
2023-04-25 13:07:42,251:INFO:Uploading results into container
2023-04-25 13:07:42,251:INFO:Uploading model into container now
2023-04-25 13:07:42,252:INFO:create_model_container: 15
2023-04-25 13:07:42,252:INFO:master_model_container: 15
2023-04-25 13:07:42,252:INFO:display_container: 2
2023-04-25 13:07:42,252:INFO:<catboost.core.CatBoostClassifier object at 0x00000190493816A0>
2023-04-25 13:07:42,252:INFO:create_model() succesfully completed......................................
2023-04-25 13:07:42,652:INFO:SubProcess create_model() end ==================================
2023-04-25 13:07:42,652:INFO:Creating metrics dataframe
2023-04-25 13:07:42,670:INFO:Initializing Dummy Classifier
2023-04-25 13:07:42,670:INFO:Total runtime is 16.12650604248047 minutes
2023-04-25 13:07:42,681:INFO:SubProcess create_model() called ==================================
2023-04-25 13:07:42,681:INFO:Initializing create_model()
2023-04-25 13:07:42,681:INFO:create_model(estimator=dummy, fold=StratifiedKFold(n_splits=10, random_state=None, shuffle=False), round=4, cross_validation=True, predict=True, fit_kwargs={}, groups=None, refit=False, verbose=False, system=False, metrics=None, experiment_custom_tags=None, add_to_model_list=True, probability_threshold=None, display=<pycaret.internal.Display.Display object at 0x000001906660ABB0>, return_train_score=False, kwargs={})
2023-04-25 13:07:42,681:INFO:Checking exceptions
2023-04-25 13:07:42,682:INFO:Importing libraries
2023-04-25 13:07:42,682:INFO:Copying training dataset
2023-04-25 13:07:42,706:INFO:Defining folds
2023-04-25 13:07:42,706:INFO:Declaring metric variables
2023-04-25 13:07:42,718:INFO:Importing untrained model
2023-04-25 13:07:42,730:INFO:Dummy Classifier Imported succesfully
2023-04-25 13:07:42,753:INFO:Starting cross validation
2023-04-25 13:07:42,755:INFO:Cross validating with StratifiedKFold(n_splits=10, random_state=None, shuffle=False), n_jobs=-1
2023-04-25 13:07:43,258:INFO:Calculating mean and std
2023-04-25 13:07:43,259:INFO:Creating metrics dataframe
2023-04-25 13:07:43,266:INFO:Uploading results into container
2023-04-25 13:07:43,266:INFO:Uploading model into container now
2023-04-25 13:07:43,266:INFO:create_model_container: 16
2023-04-25 13:07:43,266:INFO:master_model_container: 16
2023-04-25 13:07:43,266:INFO:display_container: 2
2023-04-25 13:07:43,267:INFO:DummyClassifier(constant=None, random_state=8575, strategy='prior')
2023-04-25 13:07:43,267:INFO:create_model() succesfully completed......................................
2023-04-25 13:07:43,646:INFO:SubProcess create_model() end ==================================
2023-04-25 13:07:43,646:INFO:Creating metrics dataframe
2023-04-25 13:07:43,685:INFO:Initializing create_model()
2023-04-25 13:07:43,686:INFO:create_model(estimator=LGBMClassifier(boosting_type='gbdt', class_weight=None, colsample_bytree=1.0,
               importance_type='split', learning_rate=0.1, max_depth=-1,
               min_child_samples=20, min_child_weight=0.001, min_split_gain=0.0,
               n_estimators=100, n_jobs=-1, num_leaves=31, objective=None,
               random_state=8575, reg_alpha=0.0, reg_lambda=0.0, silent='warn',
               subsample=1.0, subsample_for_bin=200000, subsample_freq=0), fold=StratifiedKFold(n_splits=10, random_state=None, shuffle=False), round=4, cross_validation=False, predict=False, fit_kwargs={}, groups=None, refit=True, verbose=False, system=False, metrics=None, experiment_custom_tags=None, add_to_model_list=True, probability_threshold=None, display=None, return_train_score=False, kwargs={})
2023-04-25 13:07:43,686:INFO:Checking exceptions
2023-04-25 13:07:43,686:INFO:Importing libraries
2023-04-25 13:07:43,686:INFO:Copying training dataset
2023-04-25 13:07:43,708:INFO:Defining folds
2023-04-25 13:07:43,708:INFO:Declaring metric variables
2023-04-25 13:07:43,708:INFO:Importing untrained model
2023-04-25 13:07:43,708:INFO:Declaring custom model
2023-04-25 13:07:43,709:INFO:Light Gradient Boosting Machine Imported succesfully
2023-04-25 13:07:43,709:INFO:Cross validation set to False
2023-04-25 13:07:43,709:INFO:Fitting Model
2023-04-25 13:07:44,682:INFO:LGBMClassifier(boosting_type='gbdt', class_weight=None, colsample_bytree=1.0,
               importance_type='split', learning_rate=0.1, max_depth=-1,
               min_child_samples=20, min_child_weight=0.001, min_split_gain=0.0,
               n_estimators=100, n_jobs=-1, num_leaves=31, objective=None,
               random_state=8575, reg_alpha=0.0, reg_lambda=0.0, silent='warn',
               subsample=1.0, subsample_for_bin=200000, subsample_freq=0)
2023-04-25 13:07:44,682:INFO:create_models() succesfully completed......................................
2023-04-25 13:07:45,060:INFO:Initializing create_model()
2023-04-25 13:07:45,060:INFO:create_model(estimator=LogisticRegression(C=1.0, class_weight=None, dual=False, fit_intercept=True,
                   intercept_scaling=1, l1_ratio=None, max_iter=1000,
                   multi_class='auto', n_jobs=None, penalty='l2',
                   random_state=8575, solver='lbfgs', tol=0.0001, verbose=0,
                   warm_start=False), fold=StratifiedKFold(n_splits=10, random_state=None, shuffle=False), round=4, cross_validation=False, predict=False, fit_kwargs={}, groups=None, refit=True, verbose=False, system=False, metrics=None, experiment_custom_tags=None, add_to_model_list=True, probability_threshold=None, display=None, return_train_score=False, kwargs={})
2023-04-25 13:07:45,060:INFO:Checking exceptions
2023-04-25 13:07:45,060:INFO:Importing libraries
2023-04-25 13:07:45,060:INFO:Copying training dataset
2023-04-25 13:07:45,080:INFO:Defining folds
2023-04-25 13:07:45,080:INFO:Declaring metric variables
2023-04-25 13:07:45,080:INFO:Importing untrained model
2023-04-25 13:07:45,080:INFO:Declaring custom model
2023-04-25 13:07:45,081:INFO:Logistic Regression Imported succesfully
2023-04-25 13:07:45,081:INFO:Cross validation set to False
2023-04-25 13:07:45,081:INFO:Fitting Model
2023-04-25 13:08:04,427:INFO:LogisticRegression(C=1.0, class_weight=None, dual=False, fit_intercept=True,
                   intercept_scaling=1, l1_ratio=None, max_iter=1000,
                   multi_class='auto', n_jobs=None, penalty='l2',
                   random_state=8575, solver='lbfgs', tol=0.0001, verbose=0,
                   warm_start=False)
2023-04-25 13:08:04,427:INFO:create_models() succesfully completed......................................
2023-04-25 13:08:04,812:INFO:create_model_container: 16
2023-04-25 13:08:04,812:INFO:master_model_container: 16
2023-04-25 13:08:04,812:INFO:display_container: 2
2023-04-25 13:08:04,813:INFO:[LGBMClassifier(boosting_type='gbdt', class_weight=None, colsample_bytree=1.0,
               importance_type='split', learning_rate=0.1, max_depth=-1,
               min_child_samples=20, min_child_weight=0.001, min_split_gain=0.0,
               n_estimators=100, n_jobs=-1, num_leaves=31, objective=None,
               random_state=8575, reg_alpha=0.0, reg_lambda=0.0, silent='warn',
               subsample=1.0, subsample_for_bin=200000, subsample_freq=0), LogisticRegression(C=1.0, class_weight=None, dual=False, fit_intercept=True,
                   intercept_scaling=1, l1_ratio=None, max_iter=1000,
                   multi_class='auto', n_jobs=None, penalty='l2',
                   random_state=8575, solver='lbfgs', tol=0.0001, verbose=0,
                   warm_start=False)]
2023-04-25 13:08:04,813:INFO:compare_models() succesfully completed......................................
