2023-04-24 12:22:43,182:INFO:PyCaret Supervised Module
2023-04-24 12:22:43,182:INFO:ML Usecase: regression
2023-04-24 12:22:43,182:INFO:version 2.3.10
2023-04-24 12:22:43,182:INFO:Initializing setup()
2023-04-24 12:22:43,182:INFO:setup(target=Âø°ú·®(int), ml_usecase=regression, available_plots={'parameter': 'Hyperparameters', 'residuals': 'Residuals', 'error': 'Prediction Error', 'cooks': 'Cooks Distance', 'rfe': 'Feature Selection', 'learning': 'Learning Curve', 'manifold': 'Manifold Learning', 'vc': 'Validation Curve', 'feature': 'Feature Importance', 'feature_all': 'Feature Importance (All)', 'tree': 'Decision Tree', 'residuals_interactive': 'Interactive Residuals'}, train_size=0.7, test_data=None, preprocess=True, imputation_type=simple, iterative_imputation_iters=5, categorical_features=None, categorical_imputation=constant, categorical_iterative_imputer=lightgbm, ordinal_features=None, high_cardinality_features=None, high_cardinality_method=frequency, numeric_features=None, numeric_imputation=mean, numeric_iterative_imputer=lightgbm, date_features=None, ignore_features=None, normalize=False, normalize_method=zscore, transformation=False, transformation_method=yeo-johnson, handle_unknown_categorical=True, unknown_categorical_method=least_frequent, pca=False, pca_method=linear, pca_components=None, ignore_low_variance=False, combine_rare_levels=False, rare_level_threshold=0.1, bin_numeric_features=None, remove_outliers=False, outliers_threshold=0.05, remove_multicollinearity=False, multicollinearity_threshold=0.9, remove_perfect_collinearity=True, create_clusters=False, cluster_iter=20, polynomial_features=False, polynomial_degree=2, trigonometry_features=False, polynomial_threshold=0.1, group_features=None, group_names=None, feature_selection=False, feature_selection_threshold=0.8, feature_selection_method=classic, feature_interaction=False, feature_ratio=False, interaction_threshold=0.01, fix_imbalance=False, fix_imbalance_method=None, transform_target=False, transform_target_method=box-cox, data_split_shuffle=True, data_split_stratify=False, fold_strategy=kfold, fold=10, fold_shuffle=False, fold_groups=None, n_jobs=-1, use_gpu=False, custom_pipeline=None, html=True, session_id=None, log_experiment=False, experiment_name=None, experiment_custom_tags=None, log_plots=False, log_profile=False, log_data=False, silent=True, verbose=True, profile=True, profile_kwargs=None, display=None)
2023-04-24 12:22:43,184:INFO:Checking environment
2023-04-24 12:22:43,184:INFO:python_version: 3.8.8
2023-04-24 12:22:43,184:INFO:python_build: ('tags/v3.8.8:024d805', 'Feb 19 2021 13:18:16')
2023-04-24 12:22:43,184:INFO:machine: AMD64
2023-04-24 12:22:43,184:INFO:platform: Windows-10-10.0.19041-SP0
2023-04-24 12:22:43,189:INFO:Memory: svmem(total=17091190784, available=8241229824, percent=51.8, used=8849960960, free=8241229824)
2023-04-24 12:22:43,189:INFO:Physical Core: 4
2023-04-24 12:22:43,189:INFO:Logical Core: 4
2023-04-24 12:22:43,189:INFO:Checking libraries
2023-04-24 12:22:43,189:INFO:pd==1.5.3
2023-04-24 12:22:43,189:INFO:numpy==1.20.3
2023-04-24 12:22:43,189:INFO:sklearn==0.23.2
2023-04-24 12:22:43,189:INFO:lightgbm==3.3.5
2023-04-24 12:22:43,370:INFO:catboost==1.1.1
2023-04-24 12:22:43,370:INFO:xgboost==1.7.4
2023-04-24 12:22:43,370:INFO:mlflow==2.2.2
2023-04-24 12:22:43,370:INFO:Checking Exceptions
2023-04-24 12:22:43,371:INFO:Declaring global variables
2023-04-24 12:22:43,371:INFO:USI: 1043
2023-04-24 12:22:43,371:INFO:pycaret_globals: {'dashboard_logger', 'n_jobs_param', 'X_test', 'y', 'prep_pipe', 'y_train', 'X', 'seed', 'y_test', 'pycaret_globals', 'X_train', '_available_plots', '_internal_pipeline', 'fold_shuffle_param', 'master_model_container', 'exp_name_log', 'data_before_preprocess', 'stratify_param', 'imputation_regressor', 'transform_target_method_param', 'logging_param', 'display_container', '_all_metrics', 'html_param', 'create_model_container', 'transform_target_param', 'fold_groups_param', '_all_models_internal', 'fold_generator', '_all_models', 'fix_imbalance_method_param', 'USI', '_gpu_n_jobs_param', 'fix_imbalance_param', 'gpu_param', 'iterative_imputation_iters_param', 'target_param', 'imputation_classifier', 'fold_param', 'fold_groups_param_full', 'experiment__', 'log_plots_param', '_ml_usecase'}
2023-04-24 12:22:43,371:INFO:Preparing display monitor
2023-04-24 12:22:43,371:INFO:Preparing display monitor
2023-04-24 12:22:43,380:INFO:Importing libraries
2023-04-24 12:22:43,381:INFO:Copying data for preprocessing
2023-04-24 12:22:43,392:INFO:Declaring preprocessing parameters
2023-04-24 12:22:43,393:INFO:Creating preprocessing pipeline
2023-04-24 12:22:43,406:INFO:Preprocessing pipeline created successfully
2023-04-24 12:22:43,406:ERROR:(Process Exit): setup has been interupted with user command 'quit'. setup must rerun.
2023-04-24 12:22:43,407:INFO:Creating global containers
2023-04-24 12:22:43,409:INFO:Internal pipeline: Pipeline(memory=None, steps=[('empty_step', 'passthrough')], verbose=False)
2023-04-24 12:22:44,069:INFO:Creating grid variables
2023-04-24 12:23:34,404:INFO:create_model_container: 0
2023-04-24 12:23:34,404:INFO:master_model_container: 0
2023-04-24 12:23:34,405:INFO:display_container: 1
2023-04-24 12:23:34,414:INFO:Pipeline(memory=None,
         steps=[('dtypes',
                 DataTypes_Auto_infer(categorical_features=[],
                                      display_types=False, features_todrop=[],
                                      id_columns=[], ml_usecase='regression',
                                      numerical_features=[], target='Âø°ú·®(int)',
                                      time_features=[])),
                ('imputer',
                 Simple_Imputer(categorical_strategy='not_available',
                                fill_value_categorical=None,
                                fill_value_numerical=None,
                                numeric_strate...
                ('scaling', 'passthrough'), ('P_transform', 'passthrough'),
                ('binn', 'passthrough'), ('rem_outliers', 'passthrough'),
                ('cluster_all', 'passthrough'),
                ('dummy', Dummify(target='Âø°ú·®(int)')),
                ('fix_perfect', Remove_100(target='Âø°ú·®(int)')),
                ('clean_names', Clean_Colum_Names()),
                ('feature_select', 'passthrough'), ('fix_multi', 'passthrough'),
                ('dfs', 'passthrough'), ('pca', 'passthrough')],
         verbose=False)
2023-04-24 12:23:34,415:INFO:setup() succesfully completed......................................
2023-04-24 12:23:34,791:INFO:Initializing compare_models()
2023-04-24 12:23:34,791:INFO:compare_models(include=None, fold=None, round=4, cross_validation=True, sort=MAE, n_select=2, budget_time=0.5, turbo=True, errors=ignore, fit_kwargs=None, groups=None, experiment_custom_tags=None, probability_threshold=None, verbose=True, display=None, exclude=None)
2023-04-24 12:23:34,791:INFO:Checking exceptions
2023-04-24 12:23:34,792:INFO:Preparing display monitor
2023-04-24 12:23:34,792:INFO:Preparing display monitor
2023-04-24 12:23:34,816:INFO:Time budget is 0.5 minutes
2023-04-24 12:23:34,816:INFO:Initializing Linear Regression
2023-04-24 12:23:34,816:INFO:Total runtime is 0.0 minutes
2023-04-24 12:23:34,825:INFO:SubProcess create_model() called ==================================
2023-04-24 12:23:34,826:INFO:Initializing create_model()
2023-04-24 12:23:34,827:INFO:create_model(estimator=lr, fold=KFold(n_splits=10, random_state=None, shuffle=False), round=4, cross_validation=True, predict=True, fit_kwargs={}, groups=None, refit=False, verbose=False, system=False, metrics=None, experiment_custom_tags=None, add_to_model_list=True, probability_threshold=None, display=<pycaret.internal.Display.Display object at 0x0000022481CDDAF0>, return_train_score=False, kwargs={})
2023-04-24 12:23:34,827:INFO:Checking exceptions
2023-04-24 12:23:34,827:INFO:Importing libraries
2023-04-24 12:23:34,827:INFO:Copying training dataset
2023-04-24 12:23:34,828:INFO:Defining folds
2023-04-24 12:23:34,828:INFO:Declaring metric variables
2023-04-24 12:23:34,835:INFO:Importing untrained model
2023-04-24 12:23:34,842:INFO:Linear Regression Imported succesfully
2023-04-24 12:23:34,858:INFO:Starting cross validation
2023-04-24 12:23:34,867:INFO:Cross validating with KFold(n_splits=10, random_state=None, shuffle=False), n_jobs=-1
2023-04-24 12:23:41,466:INFO:Calculating mean and std
2023-04-24 12:23:41,468:INFO:Creating metrics dataframe
2023-04-24 12:23:41,474:INFO:Uploading results into container
2023-04-24 12:23:41,474:INFO:Uploading model into container now
2023-04-24 12:23:41,474:INFO:create_model_container: 1
2023-04-24 12:23:41,475:INFO:master_model_container: 1
2023-04-24 12:23:41,475:INFO:display_container: 2
2023-04-24 12:23:41,475:INFO:LinearRegression(copy_X=True, fit_intercept=True, n_jobs=-1, normalize=False)
2023-04-24 12:23:41,475:INFO:create_model() succesfully completed......................................
2023-04-24 12:23:41,836:INFO:SubProcess create_model() end ==================================
2023-04-24 12:23:41,836:INFO:Creating metrics dataframe
2023-04-24 12:23:41,846:INFO:Initializing Lasso Regression
2023-04-24 12:23:41,846:INFO:Total runtime is 0.11716828346252442 minutes
2023-04-24 12:23:41,856:INFO:SubProcess create_model() called ==================================
2023-04-24 12:23:41,856:INFO:Initializing create_model()
2023-04-24 12:23:41,857:INFO:create_model(estimator=lasso, fold=KFold(n_splits=10, random_state=None, shuffle=False), round=4, cross_validation=True, predict=True, fit_kwargs={}, groups=None, refit=False, verbose=False, system=False, metrics=None, experiment_custom_tags=None, add_to_model_list=True, probability_threshold=None, display=<pycaret.internal.Display.Display object at 0x0000022481CDDAF0>, return_train_score=False, kwargs={})
2023-04-24 12:23:41,857:INFO:Checking exceptions
2023-04-24 12:23:41,857:INFO:Importing libraries
2023-04-24 12:23:41,857:INFO:Copying training dataset
2023-04-24 12:23:41,857:INFO:Defining folds
2023-04-24 12:23:41,858:INFO:Declaring metric variables
2023-04-24 12:23:41,865:INFO:Importing untrained model
2023-04-24 12:23:41,873:INFO:Lasso Regression Imported succesfully
2023-04-24 12:23:41,890:INFO:Starting cross validation
2023-04-24 12:23:41,891:INFO:Cross validating with KFold(n_splits=10, random_state=None, shuffle=False), n_jobs=-1
2023-04-24 12:23:41,945:INFO:Calculating mean and std
2023-04-24 12:23:41,946:INFO:Creating metrics dataframe
2023-04-24 12:23:41,951:INFO:Uploading results into container
2023-04-24 12:23:41,951:INFO:Uploading model into container now
2023-04-24 12:23:41,951:INFO:create_model_container: 2
2023-04-24 12:23:41,951:INFO:master_model_container: 2
2023-04-24 12:23:41,951:INFO:display_container: 2
2023-04-24 12:23:41,952:INFO:Lasso(alpha=1.0, copy_X=True, fit_intercept=True, max_iter=1000,
      normalize=False, positive=False, precompute=False, random_state=7663,
      selection='cyclic', tol=0.0001, warm_start=False)
2023-04-24 12:23:41,952:INFO:create_model() succesfully completed......................................
2023-04-24 12:23:42,290:INFO:SubProcess create_model() end ==================================
2023-04-24 12:23:42,291:INFO:Creating metrics dataframe
2023-04-24 12:23:42,303:INFO:Initializing Ridge Regression
2023-04-24 12:23:42,303:INFO:Total runtime is 0.12478153705596924 minutes
2023-04-24 12:23:42,313:INFO:SubProcess create_model() called ==================================
2023-04-24 12:23:42,313:INFO:Initializing create_model()
2023-04-24 12:23:42,313:INFO:create_model(estimator=ridge, fold=KFold(n_splits=10, random_state=None, shuffle=False), round=4, cross_validation=True, predict=True, fit_kwargs={}, groups=None, refit=False, verbose=False, system=False, metrics=None, experiment_custom_tags=None, add_to_model_list=True, probability_threshold=None, display=<pycaret.internal.Display.Display object at 0x0000022481CDDAF0>, return_train_score=False, kwargs={})
2023-04-24 12:23:42,313:INFO:Checking exceptions
2023-04-24 12:23:42,313:INFO:Importing libraries
2023-04-24 12:23:42,314:INFO:Copying training dataset
2023-04-24 12:23:42,314:INFO:Defining folds
2023-04-24 12:23:42,315:INFO:Declaring metric variables
2023-04-24 12:23:42,323:INFO:Importing untrained model
2023-04-24 12:23:42,333:INFO:Ridge Regression Imported succesfully
2023-04-24 12:23:42,350:INFO:Starting cross validation
2023-04-24 12:23:42,351:INFO:Cross validating with KFold(n_splits=10, random_state=None, shuffle=False), n_jobs=-1
2023-04-24 12:24:10,276:INFO:Calculating mean and std
2023-04-24 12:24:10,277:INFO:Creating metrics dataframe
2023-04-24 12:24:10,282:INFO:Uploading results into container
2023-04-24 12:24:10,282:INFO:Uploading model into container now
2023-04-24 12:24:10,282:INFO:create_model_container: 3
2023-04-24 12:24:10,283:INFO:master_model_container: 3
2023-04-24 12:24:10,283:INFO:display_container: 2
2023-04-24 12:24:10,283:INFO:Ridge(alpha=1.0, copy_X=True, fit_intercept=True, max_iter=None,
      normalize=False, random_state=7663, solver='auto', tol=0.001)
2023-04-24 12:24:10,283:INFO:create_model() succesfully completed......................................
2023-04-24 12:24:10,623:INFO:SubProcess create_model() end ==================================
2023-04-24 12:24:10,623:INFO:Creating metrics dataframe
2023-04-24 12:24:10,638:INFO:Initializing Elastic Net
2023-04-24 12:24:10,638:INFO:Total runtime is 0.5970249772071838 minutes
2023-04-24 12:24:10,638:INFO:Total runtime 0.5970249772071838 is over time budget by 0.09702497720718384, breaking loop
2023-04-24 12:24:10,665:INFO:Initializing create_model()
2023-04-24 12:24:10,666:INFO:create_model(estimator=LinearRegression(copy_X=True, fit_intercept=True, n_jobs=-1, normalize=False), fold=KFold(n_splits=10, random_state=None, shuffle=False), round=4, cross_validation=False, predict=False, fit_kwargs={}, groups=None, refit=True, verbose=False, system=False, metrics=None, experiment_custom_tags=None, add_to_model_list=True, probability_threshold=None, display=None, return_train_score=False, kwargs={})
2023-04-24 12:24:10,666:INFO:Checking exceptions
2023-04-24 12:24:10,666:INFO:Importing libraries
2023-04-24 12:24:10,666:INFO:Copying training dataset
2023-04-24 12:24:10,667:INFO:Defining folds
2023-04-24 12:24:10,667:INFO:Declaring metric variables
2023-04-24 12:24:10,667:INFO:Importing untrained model
2023-04-24 12:24:10,667:INFO:Declaring custom model
2023-04-24 12:24:10,668:INFO:Linear Regression Imported succesfully
2023-04-24 12:24:10,668:INFO:Cross validation set to False
2023-04-24 12:24:10,668:INFO:Fitting Model
2023-04-24 12:24:10,677:INFO:LinearRegression(copy_X=True, fit_intercept=True, n_jobs=-1, normalize=False)
2023-04-24 12:24:10,677:INFO:create_models() succesfully completed......................................
2023-04-24 12:24:11,031:INFO:Initializing create_model()
2023-04-24 12:24:11,031:INFO:create_model(estimator=Ridge(alpha=1.0, copy_X=True, fit_intercept=True, max_iter=None,
      normalize=False, random_state=7663, solver='auto', tol=0.001), fold=KFold(n_splits=10, random_state=None, shuffle=False), round=4, cross_validation=False, predict=False, fit_kwargs={}, groups=None, refit=True, verbose=False, system=False, metrics=None, experiment_custom_tags=None, add_to_model_list=True, probability_threshold=None, display=None, return_train_score=False, kwargs={})
2023-04-24 12:24:11,031:INFO:Checking exceptions
2023-04-24 12:24:11,032:INFO:Importing libraries
2023-04-24 12:24:11,032:INFO:Copying training dataset
2023-04-24 12:24:11,032:INFO:Defining folds
2023-04-24 12:24:11,032:INFO:Declaring metric variables
2023-04-24 12:24:11,032:INFO:Importing untrained model
2023-04-24 12:24:11,032:INFO:Declaring custom model
2023-04-24 12:24:11,033:INFO:Ridge Regression Imported succesfully
2023-04-24 12:24:11,033:INFO:Cross validation set to False
2023-04-24 12:24:11,033:INFO:Fitting Model
2023-04-24 12:24:11,042:INFO:Ridge(alpha=1.0, copy_X=True, fit_intercept=True, max_iter=None,
      normalize=False, random_state=7663, solver='auto', tol=0.001)
2023-04-24 12:24:11,042:INFO:create_models() succesfully completed......................................
2023-04-24 12:24:11,396:INFO:create_model_container: 3
2023-04-24 12:24:11,397:INFO:master_model_container: 3
2023-04-24 12:24:11,397:INFO:display_container: 2
2023-04-24 12:24:11,397:INFO:[LinearRegression(copy_X=True, fit_intercept=True, n_jobs=-1, normalize=False), Ridge(alpha=1.0, copy_X=True, fit_intercept=True, max_iter=None,
      normalize=False, random_state=7663, solver='auto', tol=0.001)]
2023-04-24 12:24:11,398:INFO:compare_models() succesfully completed......................................
2023-04-24 12:24:48,822:INFO:PyCaret Supervised Module
2023-04-24 12:24:48,823:INFO:ML Usecase: regression
2023-04-24 12:24:48,823:INFO:version 2.3.10
2023-04-24 12:24:48,823:INFO:Initializing setup()
2023-04-24 12:24:48,823:INFO:setup(target=Âø°ú·®(int), ml_usecase=regression, available_plots={'parameter': 'Hyperparameters', 'residuals': 'Residuals', 'error': 'Prediction Error', 'cooks': 'Cooks Distance', 'rfe': 'Feature Selection', 'learning': 'Learning Curve', 'manifold': 'Manifold Learning', 'vc': 'Validation Curve', 'feature': 'Feature Importance', 'feature_all': 'Feature Importance (All)', 'tree': 'Decision Tree', 'residuals_interactive': 'Interactive Residuals'}, train_size=0.7, test_data=None, preprocess=True, imputation_type=simple, iterative_imputation_iters=5, categorical_features=None, categorical_imputation=constant, categorical_iterative_imputer=lightgbm, ordinal_features=None, high_cardinality_features=None, high_cardinality_method=frequency, numeric_features=None, numeric_imputation=mean, numeric_iterative_imputer=lightgbm, date_features=None, ignore_features=None, normalize=False, normalize_method=zscore, transformation=False, transformation_method=yeo-johnson, handle_unknown_categorical=True, unknown_categorical_method=least_frequent, pca=False, pca_method=linear, pca_components=None, ignore_low_variance=False, combine_rare_levels=False, rare_level_threshold=0.1, bin_numeric_features=None, remove_outliers=False, outliers_threshold=0.05, remove_multicollinearity=False, multicollinearity_threshold=0.9, remove_perfect_collinearity=True, create_clusters=False, cluster_iter=20, polynomial_features=False, polynomial_degree=2, trigonometry_features=False, polynomial_threshold=0.1, group_features=None, group_names=None, feature_selection=False, feature_selection_threshold=0.8, feature_selection_method=classic, feature_interaction=False, feature_ratio=False, interaction_threshold=0.01, fix_imbalance=False, fix_imbalance_method=None, transform_target=False, transform_target_method=box-cox, data_split_shuffle=True, data_split_stratify=False, fold_strategy=kfold, fold=10, fold_shuffle=False, fold_groups=None, n_jobs=-1, use_gpu=False, custom_pipeline=None, html=True, session_id=None, log_experiment=False, experiment_name=None, experiment_custom_tags=None, log_plots=False, log_profile=False, log_data=False, silent=True, verbose=True, profile=True, profile_kwargs=None, display=None)
2023-04-24 12:24:48,823:INFO:Checking environment
2023-04-24 12:24:48,823:INFO:python_version: 3.8.8
2023-04-24 12:24:48,824:INFO:python_build: ('tags/v3.8.8:024d805', 'Feb 19 2021 13:18:16')
2023-04-24 12:24:48,824:INFO:machine: AMD64
2023-04-24 12:24:48,824:INFO:platform: Windows-10-10.0.19041-SP0
2023-04-24 12:24:48,829:INFO:Memory: svmem(total=17091190784, available=6219530240, percent=63.6, used=10871660544, free=6219530240)
2023-04-24 12:24:48,829:INFO:Physical Core: 4
2023-04-24 12:24:48,829:INFO:Logical Core: 4
2023-04-24 12:24:48,829:INFO:Checking libraries
2023-04-24 12:24:48,829:INFO:pd==1.5.3
2023-04-24 12:24:48,829:INFO:numpy==1.20.3
2023-04-24 12:24:48,829:INFO:sklearn==0.23.2
2023-04-24 12:24:48,829:INFO:lightgbm==3.3.5
2023-04-24 12:24:48,829:INFO:catboost==1.1.1
2023-04-24 12:24:48,829:INFO:xgboost==1.7.4
2023-04-24 12:24:48,829:INFO:mlflow==2.2.2
2023-04-24 12:24:48,830:INFO:Checking Exceptions
2023-04-24 12:24:48,830:INFO:Declaring global variables
2023-04-24 12:24:48,830:INFO:USI: 4a14
2023-04-24 12:24:48,830:INFO:pycaret_globals: {'dashboard_logger', 'n_jobs_param', 'X_test', 'y', 'prep_pipe', 'y_train', 'X', 'seed', 'y_test', 'pycaret_globals', 'X_train', '_available_plots', '_internal_pipeline', 'fold_shuffle_param', 'master_model_container', 'exp_name_log', 'data_before_preprocess', 'stratify_param', 'imputation_regressor', 'transform_target_method_param', 'logging_param', 'display_container', '_all_metrics', 'html_param', 'create_model_container', 'transform_target_param', 'fold_groups_param', '_all_models_internal', 'fold_generator', '_all_models', 'fix_imbalance_method_param', 'USI', '_gpu_n_jobs_param', 'fix_imbalance_param', 'gpu_param', 'iterative_imputation_iters_param', 'target_param', 'imputation_classifier', 'fold_param', 'fold_groups_param_full', 'experiment__', 'log_plots_param', '_ml_usecase'}
2023-04-24 12:24:48,831:INFO:Preparing display monitor
2023-04-24 12:24:48,831:INFO:Preparing display monitor
2023-04-24 12:24:48,842:INFO:Importing libraries
2023-04-24 12:24:48,842:INFO:Copying data for preprocessing
2023-04-24 12:24:48,852:INFO:Declaring preprocessing parameters
2023-04-24 12:24:48,854:INFO:Creating preprocessing pipeline
2023-04-24 12:24:48,860:INFO:Preprocessing pipeline created successfully
2023-04-24 12:24:48,861:ERROR:(Process Exit): setup has been interupted with user command 'quit'. setup must rerun.
2023-04-24 12:24:48,861:INFO:Creating global containers
2023-04-24 12:24:48,862:INFO:Internal pipeline: Pipeline(memory=None, steps=[('empty_step', 'passthrough')], verbose=False)
2023-04-24 12:24:49,194:INFO:Creating grid variables
2023-04-24 12:24:58,918:INFO:create_model_container: 0
2023-04-24 12:24:58,918:INFO:master_model_container: 0
2023-04-24 12:24:58,918:INFO:display_container: 1
2023-04-24 12:24:58,923:INFO:Pipeline(memory=None,
         steps=[('dtypes',
                 DataTypes_Auto_infer(categorical_features=[],
                                      display_types=False, features_todrop=[],
                                      id_columns=[], ml_usecase='regression',
                                      numerical_features=[], target='Âø°ú·®(int)',
                                      time_features=[])),
                ('imputer',
                 Simple_Imputer(categorical_strategy='not_available',
                                fill_value_categorical=None,
                                fill_value_numerical=None,
                                numeric_strate...
                ('scaling', 'passthrough'), ('P_transform', 'passthrough'),
                ('binn', 'passthrough'), ('rem_outliers', 'passthrough'),
                ('cluster_all', 'passthrough'),
                ('dummy', Dummify(target='Âø°ú·®(int)')),
                ('fix_perfect', Remove_100(target='Âø°ú·®(int)')),
                ('clean_names', Clean_Colum_Names()),
                ('feature_select', 'passthrough'), ('fix_multi', 'passthrough'),
                ('dfs', 'passthrough'), ('pca', 'passthrough')],
         verbose=False)
2023-04-24 12:24:58,924:INFO:setup() succesfully completed......................................
2023-04-24 12:24:59,817:INFO:Initializing compare_models()
2023-04-24 12:24:59,817:INFO:compare_models(include=None, fold=None, round=4, cross_validation=True, sort=MAE, n_select=2, budget_time=0.5, turbo=True, errors=ignore, fit_kwargs=None, groups=None, experiment_custom_tags=None, probability_threshold=None, verbose=True, display=None, exclude=None)
2023-04-24 12:24:59,817:INFO:Checking exceptions
2023-04-24 12:24:59,817:INFO:Preparing display monitor
2023-04-24 12:24:59,817:INFO:Preparing display monitor
2023-04-24 12:24:59,843:INFO:Time budget is 0.5 minutes
2023-04-24 12:24:59,843:INFO:Initializing Linear Regression
2023-04-24 12:24:59,843:INFO:Total runtime is 0.0 minutes
2023-04-24 12:24:59,852:INFO:SubProcess create_model() called ==================================
2023-04-24 12:24:59,853:INFO:Initializing create_model()
2023-04-24 12:24:59,853:INFO:create_model(estimator=lr, fold=KFold(n_splits=10, random_state=None, shuffle=False), round=4, cross_validation=True, predict=True, fit_kwargs={}, groups=None, refit=False, verbose=False, system=False, metrics=None, experiment_custom_tags=None, add_to_model_list=True, probability_threshold=None, display=<pycaret.internal.Display.Display object at 0x0000022482777F10>, return_train_score=False, kwargs={})
2023-04-24 12:24:59,853:INFO:Checking exceptions
2023-04-24 12:24:59,853:INFO:Importing libraries
2023-04-24 12:24:59,853:INFO:Copying training dataset
2023-04-24 12:24:59,854:INFO:Defining folds
2023-04-24 12:24:59,854:INFO:Declaring metric variables
2023-04-24 12:24:59,862:INFO:Importing untrained model
2023-04-24 12:24:59,871:INFO:Linear Regression Imported succesfully
2023-04-24 12:24:59,893:INFO:Starting cross validation
2023-04-24 12:24:59,893:INFO:Cross validating with KFold(n_splits=10, random_state=None, shuffle=False), n_jobs=-1
2023-04-24 12:24:59,948:INFO:Calculating mean and std
2023-04-24 12:24:59,949:INFO:Creating metrics dataframe
2023-04-24 12:24:59,954:INFO:Uploading results into container
2023-04-24 12:24:59,954:INFO:Uploading model into container now
2023-04-24 12:24:59,955:INFO:create_model_container: 1
2023-04-24 12:24:59,955:INFO:master_model_container: 1
2023-04-24 12:24:59,955:INFO:display_container: 2
2023-04-24 12:24:59,955:INFO:LinearRegression(copy_X=True, fit_intercept=True, n_jobs=-1, normalize=False)
2023-04-24 12:24:59,955:INFO:create_model() succesfully completed......................................
2023-04-24 12:25:00,175:INFO:SubProcess create_model() end ==================================
2023-04-24 12:25:00,175:INFO:Creating metrics dataframe
2023-04-24 12:25:00,186:INFO:Initializing Lasso Regression
2023-04-24 12:25:00,187:INFO:Total runtime is 0.005742041269938151 minutes
2023-04-24 12:25:00,199:INFO:SubProcess create_model() called ==================================
2023-04-24 12:25:00,199:INFO:Initializing create_model()
2023-04-24 12:25:00,199:INFO:create_model(estimator=lasso, fold=KFold(n_splits=10, random_state=None, shuffle=False), round=4, cross_validation=True, predict=True, fit_kwargs={}, groups=None, refit=False, verbose=False, system=False, metrics=None, experiment_custom_tags=None, add_to_model_list=True, probability_threshold=None, display=<pycaret.internal.Display.Display object at 0x0000022482777F10>, return_train_score=False, kwargs={})
2023-04-24 12:25:00,199:INFO:Checking exceptions
2023-04-24 12:25:00,199:INFO:Importing libraries
2023-04-24 12:25:00,199:INFO:Copying training dataset
2023-04-24 12:25:00,201:INFO:Defining folds
2023-04-24 12:25:00,202:INFO:Declaring metric variables
2023-04-24 12:25:00,214:INFO:Importing untrained model
2023-04-24 12:25:00,231:INFO:Lasso Regression Imported succesfully
2023-04-24 12:25:00,248:INFO:Starting cross validation
2023-04-24 12:25:00,249:INFO:Cross validating with KFold(n_splits=10, random_state=None, shuffle=False), n_jobs=-1
2023-04-24 12:25:00,304:INFO:Calculating mean and std
2023-04-24 12:25:00,305:INFO:Creating metrics dataframe
2023-04-24 12:25:00,309:INFO:Uploading results into container
2023-04-24 12:25:00,310:INFO:Uploading model into container now
2023-04-24 12:25:00,310:INFO:create_model_container: 2
2023-04-24 12:25:00,310:INFO:master_model_container: 2
2023-04-24 12:25:00,310:INFO:display_container: 2
2023-04-24 12:25:00,310:INFO:Lasso(alpha=1.0, copy_X=True, fit_intercept=True, max_iter=1000,
      normalize=False, positive=False, precompute=False, random_state=5590,
      selection='cyclic', tol=0.0001, warm_start=False)
2023-04-24 12:25:00,310:INFO:create_model() succesfully completed......................................
2023-04-24 12:25:00,533:INFO:SubProcess create_model() end ==================================
2023-04-24 12:25:00,534:INFO:Creating metrics dataframe
2023-04-24 12:25:00,571:INFO:Initializing Ridge Regression
2023-04-24 12:25:00,571:INFO:Total runtime is 0.012138628959655761 minutes
2023-04-24 12:25:00,582:INFO:SubProcess create_model() called ==================================
2023-04-24 12:25:00,582:INFO:Initializing create_model()
2023-04-24 12:25:00,582:INFO:create_model(estimator=ridge, fold=KFold(n_splits=10, random_state=None, shuffle=False), round=4, cross_validation=True, predict=True, fit_kwargs={}, groups=None, refit=False, verbose=False, system=False, metrics=None, experiment_custom_tags=None, add_to_model_list=True, probability_threshold=None, display=<pycaret.internal.Display.Display object at 0x0000022482777F10>, return_train_score=False, kwargs={})
2023-04-24 12:25:00,583:INFO:Checking exceptions
2023-04-24 12:25:00,583:INFO:Importing libraries
2023-04-24 12:25:00,583:INFO:Copying training dataset
2023-04-24 12:25:00,584:INFO:Defining folds
2023-04-24 12:25:00,584:INFO:Declaring metric variables
2023-04-24 12:25:00,592:INFO:Importing untrained model
2023-04-24 12:25:00,621:INFO:Ridge Regression Imported succesfully
2023-04-24 12:25:00,639:INFO:Starting cross validation
2023-04-24 12:25:00,639:INFO:Cross validating with KFold(n_splits=10, random_state=None, shuffle=False), n_jobs=-1
2023-04-24 12:25:00,692:INFO:Calculating mean and std
2023-04-24 12:25:00,693:INFO:Creating metrics dataframe
2023-04-24 12:25:00,709:INFO:Uploading results into container
2023-04-24 12:25:00,709:INFO:Uploading model into container now
2023-04-24 12:25:00,709:INFO:create_model_container: 3
2023-04-24 12:25:00,710:INFO:master_model_container: 3
2023-04-24 12:25:00,710:INFO:display_container: 2
2023-04-24 12:25:00,710:INFO:Ridge(alpha=1.0, copy_X=True, fit_intercept=True, max_iter=None,
      normalize=False, random_state=5590, solver='auto', tol=0.001)
2023-04-24 12:25:00,710:INFO:create_model() succesfully completed......................................
2023-04-24 12:25:00,901:INFO:SubProcess create_model() end ==================================
2023-04-24 12:25:00,901:INFO:Creating metrics dataframe
2023-04-24 12:25:00,912:INFO:Initializing Elastic Net
2023-04-24 12:25:00,912:INFO:Total runtime is 0.017823414007822672 minutes
2023-04-24 12:25:00,920:INFO:SubProcess create_model() called ==================================
2023-04-24 12:25:00,921:INFO:Initializing create_model()
2023-04-24 12:25:00,921:INFO:create_model(estimator=en, fold=KFold(n_splits=10, random_state=None, shuffle=False), round=4, cross_validation=True, predict=True, fit_kwargs={}, groups=None, refit=False, verbose=False, system=False, metrics=None, experiment_custom_tags=None, add_to_model_list=True, probability_threshold=None, display=<pycaret.internal.Display.Display object at 0x0000022482777F10>, return_train_score=False, kwargs={})
2023-04-24 12:25:00,921:INFO:Checking exceptions
2023-04-24 12:25:00,922:INFO:Importing libraries
2023-04-24 12:25:00,922:INFO:Copying training dataset
2023-04-24 12:25:00,922:INFO:Defining folds
2023-04-24 12:25:00,922:INFO:Declaring metric variables
2023-04-24 12:25:00,929:INFO:Importing untrained model
2023-04-24 12:25:00,937:INFO:Elastic Net Imported succesfully
2023-04-24 12:25:00,951:INFO:Starting cross validation
2023-04-24 12:25:00,952:INFO:Cross validating with KFold(n_splits=10, random_state=None, shuffle=False), n_jobs=-1
2023-04-24 12:25:01,003:INFO:Calculating mean and std
2023-04-24 12:25:01,004:INFO:Creating metrics dataframe
2023-04-24 12:25:01,009:INFO:Uploading results into container
2023-04-24 12:25:01,009:INFO:Uploading model into container now
2023-04-24 12:25:01,009:INFO:create_model_container: 4
2023-04-24 12:25:01,009:INFO:master_model_container: 4
2023-04-24 12:25:01,009:INFO:display_container: 2
2023-04-24 12:25:01,009:INFO:ElasticNet(alpha=1.0, copy_X=True, fit_intercept=True, l1_ratio=0.5,
           max_iter=1000, normalize=False, positive=False, precompute=False,
           random_state=5590, selection='cyclic', tol=0.0001, warm_start=False)
2023-04-24 12:25:01,010:INFO:create_model() succesfully completed......................................
2023-04-24 12:25:01,226:INFO:SubProcess create_model() end ==================================
2023-04-24 12:25:01,226:INFO:Creating metrics dataframe
2023-04-24 12:25:01,242:INFO:Initializing Least Angle Regression
2023-04-24 12:25:01,242:INFO:Total runtime is 0.023325769106547038 minutes
2023-04-24 12:25:01,261:INFO:SubProcess create_model() called ==================================
2023-04-24 12:25:01,261:INFO:Initializing create_model()
2023-04-24 12:25:01,261:INFO:create_model(estimator=lar, fold=KFold(n_splits=10, random_state=None, shuffle=False), round=4, cross_validation=True, predict=True, fit_kwargs={}, groups=None, refit=False, verbose=False, system=False, metrics=None, experiment_custom_tags=None, add_to_model_list=True, probability_threshold=None, display=<pycaret.internal.Display.Display object at 0x0000022482777F10>, return_train_score=False, kwargs={})
2023-04-24 12:25:01,261:INFO:Checking exceptions
2023-04-24 12:25:01,261:INFO:Importing libraries
2023-04-24 12:25:01,261:INFO:Copying training dataset
2023-04-24 12:25:01,262:INFO:Defining folds
2023-04-24 12:25:01,263:INFO:Declaring metric variables
2023-04-24 12:25:01,272:INFO:Importing untrained model
2023-04-24 12:25:01,281:INFO:Least Angle Regression Imported succesfully
2023-04-24 12:25:01,300:INFO:Starting cross validation
2023-04-24 12:25:01,302:INFO:Cross validating with KFold(n_splits=10, random_state=None, shuffle=False), n_jobs=-1
2023-04-24 12:25:01,365:INFO:Calculating mean and std
2023-04-24 12:25:01,367:INFO:Creating metrics dataframe
2023-04-24 12:25:01,372:INFO:Uploading results into container
2023-04-24 12:25:01,372:INFO:Uploading model into container now
2023-04-24 12:25:01,372:INFO:create_model_container: 5
2023-04-24 12:25:01,372:INFO:master_model_container: 5
2023-04-24 12:25:01,372:INFO:display_container: 2
2023-04-24 12:25:01,373:INFO:Lars(copy_X=True, eps=2.220446049250313e-16, fit_intercept=True, fit_path=True,
     jitter=None, n_nonzero_coefs=500, normalize=True, precompute='auto',
     random_state=5590, verbose=False)
2023-04-24 12:25:01,373:INFO:create_model() succesfully completed......................................
2023-04-24 12:25:01,617:INFO:SubProcess create_model() end ==================================
2023-04-24 12:25:01,617:INFO:Creating metrics dataframe
2023-04-24 12:25:01,628:INFO:Initializing Lasso Least Angle Regression
2023-04-24 12:25:01,628:INFO:Total runtime is 0.029758556683858236 minutes
2023-04-24 12:25:01,637:INFO:SubProcess create_model() called ==================================
2023-04-24 12:25:01,637:INFO:Initializing create_model()
2023-04-24 12:25:01,638:INFO:create_model(estimator=llar, fold=KFold(n_splits=10, random_state=None, shuffle=False), round=4, cross_validation=True, predict=True, fit_kwargs={}, groups=None, refit=False, verbose=False, system=False, metrics=None, experiment_custom_tags=None, add_to_model_list=True, probability_threshold=None, display=<pycaret.internal.Display.Display object at 0x0000022482777F10>, return_train_score=False, kwargs={})
2023-04-24 12:25:01,638:INFO:Checking exceptions
2023-04-24 12:25:01,638:INFO:Importing libraries
2023-04-24 12:25:01,638:INFO:Copying training dataset
2023-04-24 12:25:01,639:INFO:Defining folds
2023-04-24 12:25:01,639:INFO:Declaring metric variables
2023-04-24 12:25:01,650:INFO:Importing untrained model
2023-04-24 12:25:01,659:INFO:Lasso Least Angle Regression Imported succesfully
2023-04-24 12:25:01,677:INFO:Starting cross validation
2023-04-24 12:25:01,678:INFO:Cross validating with KFold(n_splits=10, random_state=None, shuffle=False), n_jobs=-1
2023-04-24 12:25:01,729:INFO:Calculating mean and std
2023-04-24 12:25:01,729:INFO:Creating metrics dataframe
2023-04-24 12:25:01,733:INFO:Uploading results into container
2023-04-24 12:25:01,734:INFO:Uploading model into container now
2023-04-24 12:25:01,734:INFO:create_model_container: 6
2023-04-24 12:25:01,734:INFO:master_model_container: 6
2023-04-24 12:25:01,734:INFO:display_container: 2
2023-04-24 12:25:01,735:INFO:LassoLars(alpha=1.0, copy_X=True, eps=2.220446049250313e-16, fit_intercept=True,
          fit_path=True, jitter=None, max_iter=500, normalize=True,
          positive=False, precompute='auto', random_state=5590, verbose=False)
2023-04-24 12:25:01,735:INFO:create_model() succesfully completed......................................
2023-04-24 12:25:01,906:INFO:SubProcess create_model() end ==================================
2023-04-24 12:25:01,906:INFO:Creating metrics dataframe
2023-04-24 12:25:01,920:INFO:Initializing Orthogonal Matching Pursuit
2023-04-24 12:25:01,920:INFO:Total runtime is 0.034628868103027344 minutes
2023-04-24 12:25:01,929:INFO:SubProcess create_model() called ==================================
2023-04-24 12:25:01,929:INFO:Initializing create_model()
2023-04-24 12:25:01,930:INFO:create_model(estimator=omp, fold=KFold(n_splits=10, random_state=None, shuffle=False), round=4, cross_validation=True, predict=True, fit_kwargs={}, groups=None, refit=False, verbose=False, system=False, metrics=None, experiment_custom_tags=None, add_to_model_list=True, probability_threshold=None, display=<pycaret.internal.Display.Display object at 0x0000022482777F10>, return_train_score=False, kwargs={})
2023-04-24 12:25:01,930:INFO:Checking exceptions
2023-04-24 12:25:01,931:INFO:Importing libraries
2023-04-24 12:25:01,931:INFO:Copying training dataset
2023-04-24 12:25:01,931:INFO:Defining folds
2023-04-24 12:25:01,932:INFO:Declaring metric variables
2023-04-24 12:25:01,942:INFO:Importing untrained model
2023-04-24 12:25:01,952:INFO:Orthogonal Matching Pursuit Imported succesfully
2023-04-24 12:25:01,971:INFO:Starting cross validation
2023-04-24 12:25:01,972:INFO:Cross validating with KFold(n_splits=10, random_state=None, shuffle=False), n_jobs=-1
2023-04-24 12:25:02,026:INFO:Calculating mean and std
2023-04-24 12:25:02,026:INFO:Creating metrics dataframe
2023-04-24 12:25:02,032:INFO:Uploading results into container
2023-04-24 12:25:02,033:INFO:Uploading model into container now
2023-04-24 12:25:02,033:INFO:create_model_container: 7
2023-04-24 12:25:02,033:INFO:master_model_container: 7
2023-04-24 12:25:02,033:INFO:display_container: 2
2023-04-24 12:25:02,033:INFO:OrthogonalMatchingPursuit(fit_intercept=True, n_nonzero_coefs=None,
                          normalize=True, precompute='auto', tol=None)
2023-04-24 12:25:02,034:INFO:create_model() succesfully completed......................................
2023-04-24 12:25:02,219:INFO:SubProcess create_model() end ==================================
2023-04-24 12:25:02,219:INFO:Creating metrics dataframe
2023-04-24 12:25:02,232:INFO:Initializing Bayesian Ridge
2023-04-24 12:25:02,232:INFO:Total runtime is 0.03983162641525269 minutes
2023-04-24 12:25:02,242:INFO:SubProcess create_model() called ==================================
2023-04-24 12:25:02,242:INFO:Initializing create_model()
2023-04-24 12:25:02,242:INFO:create_model(estimator=br, fold=KFold(n_splits=10, random_state=None, shuffle=False), round=4, cross_validation=True, predict=True, fit_kwargs={}, groups=None, refit=False, verbose=False, system=False, metrics=None, experiment_custom_tags=None, add_to_model_list=True, probability_threshold=None, display=<pycaret.internal.Display.Display object at 0x0000022482777F10>, return_train_score=False, kwargs={})
2023-04-24 12:25:02,242:INFO:Checking exceptions
2023-04-24 12:25:02,242:INFO:Importing libraries
2023-04-24 12:25:02,243:INFO:Copying training dataset
2023-04-24 12:25:02,243:INFO:Defining folds
2023-04-24 12:25:02,243:INFO:Declaring metric variables
2023-04-24 12:25:02,253:INFO:Importing untrained model
2023-04-24 12:25:02,264:INFO:Bayesian Ridge Imported succesfully
2023-04-24 12:25:02,284:INFO:Starting cross validation
2023-04-24 12:25:02,285:INFO:Cross validating with KFold(n_splits=10, random_state=None, shuffle=False), n_jobs=-1
2023-04-24 12:25:02,336:INFO:Calculating mean and std
2023-04-24 12:25:02,337:INFO:Creating metrics dataframe
2023-04-24 12:25:02,342:INFO:Uploading results into container
2023-04-24 12:25:02,342:INFO:Uploading model into container now
2023-04-24 12:25:02,342:INFO:create_model_container: 8
2023-04-24 12:25:02,343:INFO:master_model_container: 8
2023-04-24 12:25:02,343:INFO:display_container: 2
2023-04-24 12:25:02,343:INFO:BayesianRidge(alpha_1=1e-06, alpha_2=1e-06, alpha_init=None,
              compute_score=False, copy_X=True, fit_intercept=True,
              lambda_1=1e-06, lambda_2=1e-06, lambda_init=None, n_iter=300,
              normalize=False, tol=0.001, verbose=False)
2023-04-24 12:25:02,343:INFO:create_model() succesfully completed......................................
2023-04-24 12:25:02,528:INFO:SubProcess create_model() end ==================================
2023-04-24 12:25:02,528:INFO:Creating metrics dataframe
2023-04-24 12:25:02,541:INFO:Initializing Passive Aggressive Regressor
2023-04-24 12:25:02,541:INFO:Total runtime is 0.044976373513539634 minutes
2023-04-24 12:25:02,550:INFO:SubProcess create_model() called ==================================
2023-04-24 12:25:02,551:INFO:Initializing create_model()
2023-04-24 12:25:02,551:INFO:create_model(estimator=par, fold=KFold(n_splits=10, random_state=None, shuffle=False), round=4, cross_validation=True, predict=True, fit_kwargs={}, groups=None, refit=False, verbose=False, system=False, metrics=None, experiment_custom_tags=None, add_to_model_list=True, probability_threshold=None, display=<pycaret.internal.Display.Display object at 0x0000022482777F10>, return_train_score=False, kwargs={})
2023-04-24 12:25:02,551:INFO:Checking exceptions
2023-04-24 12:25:02,551:INFO:Importing libraries
2023-04-24 12:25:02,551:INFO:Copying training dataset
2023-04-24 12:25:02,552:INFO:Defining folds
2023-04-24 12:25:02,552:INFO:Declaring metric variables
2023-04-24 12:25:02,562:INFO:Importing untrained model
2023-04-24 12:25:02,574:INFO:Passive Aggressive Regressor Imported succesfully
2023-04-24 12:25:02,596:INFO:Starting cross validation
2023-04-24 12:25:02,597:INFO:Cross validating with KFold(n_splits=10, random_state=None, shuffle=False), n_jobs=-1
2023-04-24 12:25:27,718:INFO:Calculating mean and std
2023-04-24 12:25:27,719:INFO:Creating metrics dataframe
2023-04-24 12:25:27,725:INFO:Uploading results into container
2023-04-24 12:25:27,726:INFO:Uploading model into container now
2023-04-24 12:25:27,726:INFO:create_model_container: 9
2023-04-24 12:25:27,726:INFO:master_model_container: 9
2023-04-24 12:25:27,726:INFO:display_container: 2
2023-04-24 12:25:27,726:INFO:PassiveAggressiveRegressor(C=1.0, average=False, early_stopping=False,
                           epsilon=0.1, fit_intercept=True,
                           loss='epsilon_insensitive', max_iter=1000,
                           n_iter_no_change=5, random_state=5590, shuffle=True,
                           tol=0.001, validation_fraction=0.1, verbose=0,
                           warm_start=False)
2023-04-24 12:25:27,726:INFO:create_model() succesfully completed......................................
2023-04-24 12:25:27,912:INFO:SubProcess create_model() end ==================================
2023-04-24 12:25:27,912:INFO:Creating metrics dataframe
2023-04-24 12:25:27,927:INFO:Initializing Huber Regressor
2023-04-24 12:25:27,927:INFO:Total runtime is 0.46808045307795204 minutes
2023-04-24 12:25:27,936:INFO:SubProcess create_model() called ==================================
2023-04-24 12:25:27,936:INFO:Initializing create_model()
2023-04-24 12:25:27,936:INFO:create_model(estimator=huber, fold=KFold(n_splits=10, random_state=None, shuffle=False), round=4, cross_validation=True, predict=True, fit_kwargs={}, groups=None, refit=False, verbose=False, system=False, metrics=None, experiment_custom_tags=None, add_to_model_list=True, probability_threshold=None, display=<pycaret.internal.Display.Display object at 0x0000022482777F10>, return_train_score=False, kwargs={})
2023-04-24 12:25:27,936:INFO:Checking exceptions
2023-04-24 12:25:27,936:INFO:Importing libraries
2023-04-24 12:25:27,936:INFO:Copying training dataset
2023-04-24 12:25:27,937:INFO:Defining folds
2023-04-24 12:25:27,937:INFO:Declaring metric variables
2023-04-24 12:25:27,949:INFO:Importing untrained model
2023-04-24 12:25:27,959:INFO:Huber Regressor Imported succesfully
2023-04-24 12:25:27,979:INFO:Starting cross validation
2023-04-24 12:25:27,979:INFO:Cross validating with KFold(n_splits=10, random_state=None, shuffle=False), n_jobs=-1
2023-04-24 12:25:28,067:INFO:Calculating mean and std
2023-04-24 12:25:28,068:INFO:Creating metrics dataframe
2023-04-24 12:25:28,073:INFO:Uploading results into container
2023-04-24 12:25:28,073:INFO:Uploading model into container now
2023-04-24 12:25:28,073:INFO:create_model_container: 10
2023-04-24 12:25:28,073:INFO:master_model_container: 10
2023-04-24 12:25:28,073:INFO:display_container: 2
2023-04-24 12:25:28,074:INFO:HuberRegressor(alpha=0.0001, epsilon=1.35, fit_intercept=True, max_iter=100,
               tol=1e-05, warm_start=False)
2023-04-24 12:25:28,074:INFO:create_model() succesfully completed......................................
2023-04-24 12:25:28,254:INFO:SubProcess create_model() end ==================================
2023-04-24 12:25:28,255:INFO:Creating metrics dataframe
2023-04-24 12:25:28,268:INFO:Initializing K Neighbors Regressor
2023-04-24 12:25:28,268:INFO:Total runtime is 0.4737652460734049 minutes
2023-04-24 12:25:28,278:INFO:SubProcess create_model() called ==================================
2023-04-24 12:25:28,279:INFO:Initializing create_model()
2023-04-24 12:25:28,279:INFO:create_model(estimator=knn, fold=KFold(n_splits=10, random_state=None, shuffle=False), round=4, cross_validation=True, predict=True, fit_kwargs={}, groups=None, refit=False, verbose=False, system=False, metrics=None, experiment_custom_tags=None, add_to_model_list=True, probability_threshold=None, display=<pycaret.internal.Display.Display object at 0x0000022482777F10>, return_train_score=False, kwargs={})
2023-04-24 12:25:28,279:INFO:Checking exceptions
2023-04-24 12:25:28,279:INFO:Importing libraries
2023-04-24 12:25:28,279:INFO:Copying training dataset
2023-04-24 12:25:28,280:INFO:Defining folds
2023-04-24 12:25:28,281:INFO:Declaring metric variables
2023-04-24 12:25:28,292:INFO:Importing untrained model
2023-04-24 12:25:28,301:INFO:K Neighbors Regressor Imported succesfully
2023-04-24 12:25:28,322:INFO:Starting cross validation
2023-04-24 12:25:28,323:INFO:Cross validating with KFold(n_splits=10, random_state=None, shuffle=False), n_jobs=-1
2023-04-24 12:25:28,396:INFO:Calculating mean and std
2023-04-24 12:25:28,397:INFO:Creating metrics dataframe
2023-04-24 12:25:28,402:INFO:Uploading results into container
2023-04-24 12:25:28,402:INFO:Uploading model into container now
2023-04-24 12:25:28,403:INFO:create_model_container: 11
2023-04-24 12:25:28,403:INFO:master_model_container: 11
2023-04-24 12:25:28,403:INFO:display_container: 2
2023-04-24 12:25:28,403:INFO:KNeighborsRegressor(algorithm='auto', leaf_size=30, metric='minkowski',
                    metric_params=None, n_jobs=-1, n_neighbors=5, p=2,
                    weights='uniform')
2023-04-24 12:25:28,403:INFO:create_model() succesfully completed......................................
2023-04-24 12:25:28,574:INFO:SubProcess create_model() end ==================================
2023-04-24 12:25:28,575:INFO:Creating metrics dataframe
2023-04-24 12:25:28,589:INFO:Initializing Decision Tree Regressor
2023-04-24 12:25:28,590:INFO:Total runtime is 0.4791176120440165 minutes
2023-04-24 12:25:28,599:INFO:SubProcess create_model() called ==================================
2023-04-24 12:25:28,599:INFO:Initializing create_model()
2023-04-24 12:25:28,600:INFO:create_model(estimator=dt, fold=KFold(n_splits=10, random_state=None, shuffle=False), round=4, cross_validation=True, predict=True, fit_kwargs={}, groups=None, refit=False, verbose=False, system=False, metrics=None, experiment_custom_tags=None, add_to_model_list=True, probability_threshold=None, display=<pycaret.internal.Display.Display object at 0x0000022482777F10>, return_train_score=False, kwargs={})
2023-04-24 12:25:28,600:INFO:Checking exceptions
2023-04-24 12:25:28,600:INFO:Importing libraries
2023-04-24 12:25:28,600:INFO:Copying training dataset
2023-04-24 12:25:28,601:INFO:Defining folds
2023-04-24 12:25:28,601:INFO:Declaring metric variables
2023-04-24 12:25:28,611:INFO:Importing untrained model
2023-04-24 12:25:28,620:INFO:Decision Tree Regressor Imported succesfully
2023-04-24 12:25:28,637:INFO:Starting cross validation
2023-04-24 12:25:28,638:INFO:Cross validating with KFold(n_splits=10, random_state=None, shuffle=False), n_jobs=-1
2023-04-24 12:25:28,716:INFO:Calculating mean and std
2023-04-24 12:25:28,718:INFO:Creating metrics dataframe
2023-04-24 12:25:28,723:INFO:Uploading results into container
2023-04-24 12:25:28,724:INFO:Uploading model into container now
2023-04-24 12:25:28,724:INFO:create_model_container: 12
2023-04-24 12:25:28,724:INFO:master_model_container: 12
2023-04-24 12:25:28,724:INFO:display_container: 2
2023-04-24 12:25:28,725:INFO:DecisionTreeRegressor(ccp_alpha=0.0, criterion='mse', max_depth=None,
                      max_features=None, max_leaf_nodes=None,
                      min_impurity_decrease=0.0, min_impurity_split=None,
                      min_samples_leaf=1, min_samples_split=2,
                      min_weight_fraction_leaf=0.0, presort='deprecated',
                      random_state=5590, splitter='best')
2023-04-24 12:25:28,725:INFO:create_model() succesfully completed......................................
2023-04-24 12:25:28,901:INFO:SubProcess create_model() end ==================================
2023-04-24 12:25:28,901:INFO:Creating metrics dataframe
2023-04-24 12:25:28,919:INFO:Initializing Random Forest Regressor
2023-04-24 12:25:28,919:INFO:Total runtime is 0.48461197217305496 minutes
2023-04-24 12:25:28,929:INFO:SubProcess create_model() called ==================================
2023-04-24 12:25:28,930:INFO:Initializing create_model()
2023-04-24 12:25:28,930:INFO:create_model(estimator=rf, fold=KFold(n_splits=10, random_state=None, shuffle=False), round=4, cross_validation=True, predict=True, fit_kwargs={}, groups=None, refit=False, verbose=False, system=False, metrics=None, experiment_custom_tags=None, add_to_model_list=True, probability_threshold=None, display=<pycaret.internal.Display.Display object at 0x0000022482777F10>, return_train_score=False, kwargs={})
2023-04-24 12:25:28,930:INFO:Checking exceptions
2023-04-24 12:25:28,930:INFO:Importing libraries
2023-04-24 12:25:28,930:INFO:Copying training dataset
2023-04-24 12:25:28,931:INFO:Defining folds
2023-04-24 12:25:28,931:INFO:Declaring metric variables
2023-04-24 12:25:28,942:INFO:Importing untrained model
2023-04-24 12:25:28,954:INFO:Random Forest Regressor Imported succesfully
2023-04-24 12:25:28,972:INFO:Starting cross validation
2023-04-24 12:25:28,973:INFO:Cross validating with KFold(n_splits=10, random_state=None, shuffle=False), n_jobs=-1
2023-04-24 12:25:30,286:INFO:Calculating mean and std
2023-04-24 12:25:30,287:INFO:Creating metrics dataframe
2023-04-24 12:25:30,291:INFO:Uploading results into container
2023-04-24 12:25:30,292:INFO:Uploading model into container now
2023-04-24 12:25:30,292:INFO:create_model_container: 13
2023-04-24 12:25:30,292:INFO:master_model_container: 13
2023-04-24 12:25:30,292:INFO:display_container: 2
2023-04-24 12:25:30,292:INFO:RandomForestRegressor(bootstrap=True, ccp_alpha=0.0, criterion='mse',
                      max_depth=None, max_features='auto', max_leaf_nodes=None,
                      max_samples=None, min_impurity_decrease=0.0,
                      min_impurity_split=None, min_samples_leaf=1,
                      min_samples_split=2, min_weight_fraction_leaf=0.0,
                      n_estimators=100, n_jobs=-1, oob_score=False,
                      random_state=5590, verbose=0, warm_start=False)
2023-04-24 12:25:30,292:INFO:create_model() succesfully completed......................................
2023-04-24 12:25:30,463:INFO:SubProcess create_model() end ==================================
2023-04-24 12:25:30,464:INFO:Creating metrics dataframe
2023-04-24 12:25:30,478:INFO:Initializing Extra Trees Regressor
2023-04-24 12:25:30,478:INFO:Total runtime is 0.5105968117713928 minutes
2023-04-24 12:25:30,479:INFO:Total runtime 0.5105968117713928 is over time budget by 0.010596811771392822, breaking loop
2023-04-24 12:25:30,500:INFO:Initializing create_model()
2023-04-24 12:25:30,500:INFO:create_model(estimator=KNeighborsRegressor(algorithm='auto', leaf_size=30, metric='minkowski',
                    metric_params=None, n_jobs=-1, n_neighbors=5, p=2,
                    weights='uniform'), fold=KFold(n_splits=10, random_state=None, shuffle=False), round=4, cross_validation=False, predict=False, fit_kwargs={}, groups=None, refit=True, verbose=False, system=False, metrics=None, experiment_custom_tags=None, add_to_model_list=True, probability_threshold=None, display=None, return_train_score=False, kwargs={})
2023-04-24 12:25:30,500:INFO:Checking exceptions
2023-04-24 12:25:30,501:INFO:Importing libraries
2023-04-24 12:25:30,501:INFO:Copying training dataset
2023-04-24 12:25:30,501:INFO:Defining folds
2023-04-24 12:25:30,501:INFO:Declaring metric variables
2023-04-24 12:25:30,501:INFO:Importing untrained model
2023-04-24 12:25:30,501:INFO:Declaring custom model
2023-04-24 12:25:30,502:INFO:K Neighbors Regressor Imported succesfully
2023-04-24 12:25:30,502:INFO:Cross validation set to False
2023-04-24 12:25:30,503:INFO:Fitting Model
2023-04-24 12:25:30,506:INFO:KNeighborsRegressor(algorithm='auto', leaf_size=30, metric='minkowski',
                    metric_params=None, n_jobs=-1, n_neighbors=5, p=2,
                    weights='uniform')
2023-04-24 12:25:30,507:INFO:create_models() succesfully completed......................................
2023-04-24 12:25:30,701:INFO:Initializing create_model()
2023-04-24 12:25:30,701:INFO:create_model(estimator=Ridge(alpha=1.0, copy_X=True, fit_intercept=True, max_iter=None,
      normalize=False, random_state=5590, solver='auto', tol=0.001), fold=KFold(n_splits=10, random_state=None, shuffle=False), round=4, cross_validation=False, predict=False, fit_kwargs={}, groups=None, refit=True, verbose=False, system=False, metrics=None, experiment_custom_tags=None, add_to_model_list=True, probability_threshold=None, display=None, return_train_score=False, kwargs={})
2023-04-24 12:25:30,701:INFO:Checking exceptions
2023-04-24 12:25:30,702:INFO:Importing libraries
2023-04-24 12:25:30,702:INFO:Copying training dataset
2023-04-24 12:25:30,703:INFO:Defining folds
2023-04-24 12:25:30,703:INFO:Declaring metric variables
2023-04-24 12:25:30,703:INFO:Importing untrained model
2023-04-24 12:25:30,703:INFO:Declaring custom model
2023-04-24 12:25:30,704:INFO:Ridge Regression Imported succesfully
2023-04-24 12:25:30,704:INFO:Cross validation set to False
2023-04-24 12:25:30,704:INFO:Fitting Model
2023-04-24 12:25:30,707:INFO:Ridge(alpha=1.0, copy_X=True, fit_intercept=True, max_iter=None,
      normalize=False, random_state=5590, solver='auto', tol=0.001)
2023-04-24 12:25:30,707:INFO:create_models() succesfully completed......................................
2023-04-24 12:25:30,915:INFO:create_model_container: 13
2023-04-24 12:25:30,915:INFO:master_model_container: 13
2023-04-24 12:25:30,915:INFO:display_container: 2
2023-04-24 12:25:30,916:INFO:[KNeighborsRegressor(algorithm='auto', leaf_size=30, metric='minkowski',
                    metric_params=None, n_jobs=-1, n_neighbors=5, p=2,
                    weights='uniform'), Ridge(alpha=1.0, copy_X=True, fit_intercept=True, max_iter=None,
      normalize=False, random_state=5590, solver='auto', tol=0.001)]
2023-04-24 12:25:30,916:INFO:compare_models() succesfully completed......................................
